mode: set
dev.khulnasoft.com/cmd/agent/agent.go:20.65,24.73 1 0
dev.khulnasoft.com/cmd/agent/agent.go:24.73,26.4 1 0
dev.khulnasoft.com/cmd/agent/agent.go:30.2,38.17 9 0
dev.khulnasoft.com/cmd/agent/agent.go:41.107,44.29 2 0
dev.khulnasoft.com/cmd/agent/agent.go:44.29,46.3 1 0
dev.khulnasoft.com/cmd/agent/agent.go:47.2,47.31 1 0
dev.khulnasoft.com/cmd/agent/agent.go:47.31,49.3 1 0
dev.khulnasoft.com/cmd/agent/agent.go:50.2,52.37 2 0
dev.khulnasoft.com/cmd/agent/agent.go:52.37,54.3 1 0
dev.khulnasoft.com/cmd/agent/agent.go:54.8,56.3 1 0
dev.khulnasoft.com/cmd/agent/agent.go:58.2,58.24 1 0
dev.khulnasoft.com/cmd/agent/agent.go:58.24,60.3 1 0
dev.khulnasoft.com/cmd/agent/agent.go:60.8,60.30 1 0
dev.khulnasoft.com/cmd/agent/agent.go:60.30,62.3 1 0
dev.khulnasoft.com/cmd/agent/agent.go:62.8,62.68 1 0
dev.khulnasoft.com/cmd/agent/agent.go:62.68,64.3 1 0
dev.khulnasoft.com/cmd/agent/agent.go:66.2,66.36 1 0
dev.khulnasoft.com/cmd/agent/agent.go:66.36,68.3 1 0
dev.khulnasoft.com/cmd/agent/agent.go:71.2,72.12 2 0
dev.khulnasoft.com/cmd/agent/container_tunnel.go:32.69,40.50 2 0
dev.khulnasoft.com/cmd/agent/container_tunnel.go:40.50,42.4 1 0
dev.khulnasoft.com/cmd/agent/container_tunnel.go:45.2,48.27 4 0
dev.khulnasoft.com/cmd/agent/container_tunnel.go:52.79,55.16 2 0
dev.khulnasoft.com/cmd/agent/container_tunnel.go:55.16,57.3 1 0
dev.khulnasoft.com/cmd/agent/container_tunnel.go:57.8,57.23 1 0
dev.khulnasoft.com/cmd/agent/container_tunnel.go:57.23,59.3 1 0
dev.khulnasoft.com/cmd/agent/container_tunnel.go:62.2,63.16 2 0
dev.khulnasoft.com/cmd/agent/container_tunnel.go:63.16,65.3 1 0
dev.khulnasoft.com/cmd/agent/container_tunnel.go:68.2,69.16 2 0
dev.khulnasoft.com/cmd/agent/container_tunnel.go:69.16,71.3 1 0
dev.khulnasoft.com/cmd/agent/container_tunnel.go:74.2,75.16 2 0
dev.khulnasoft.com/cmd/agent/container_tunnel.go:75.16,77.3 1 0
dev.khulnasoft.com/cmd/agent/container_tunnel.go:80.2,82.12 3 0
dev.khulnasoft.com/cmd/agent/container_tunnel.go:82.12,85.3 2 0
dev.khulnasoft.com/cmd/agent/container_tunnel.go:88.2,90.117 1 0
dev.khulnasoft.com/cmd/agent/container_tunnel.go:90.117,92.4 1 0
dev.khulnasoft.com/cmd/agent/container_tunnel.go:100.2,100.16 1 0
dev.khulnasoft.com/cmd/agent/container_tunnel.go:100.16,102.3 1 0
dev.khulnasoft.com/cmd/agent/container_tunnel.go:104.2,104.12 1 0
dev.khulnasoft.com/cmd/agent/container_tunnel.go:107.142,109.16 2 0
dev.khulnasoft.com/cmd/agent/container_tunnel.go:109.16,111.3 1 0
dev.khulnasoft.com/cmd/agent/container_tunnel.go:114.2,114.75 1 0
dev.khulnasoft.com/cmd/agent/container_tunnel.go:114.75,117.17 2 0
dev.khulnasoft.com/cmd/agent/container_tunnel.go:117.17,119.4 1 0
dev.khulnasoft.com/cmd/agent/container_tunnel.go:120.8,120.64 1 0
dev.khulnasoft.com/cmd/agent/container_tunnel.go:120.64,124.17 3 0
dev.khulnasoft.com/cmd/agent/container_tunnel.go:124.17,127.18 2 0
dev.khulnasoft.com/cmd/agent/container_tunnel.go:127.18,129.5 1 0
dev.khulnasoft.com/cmd/agent/container_tunnel.go:133.2,133.12 1 0
dev.khulnasoft.com/cmd/agent/container_tunnel.go:136.157,139.16 3 0
dev.khulnasoft.com/cmd/agent/container_tunnel.go:139.16,141.3 1 0
dev.khulnasoft.com/cmd/agent/container_tunnel.go:142.2,143.20 2 0
dev.khulnasoft.com/cmd/agent/daemon.go:29.60,37.50 2 0
dev.khulnasoft.com/cmd/agent/daemon.go:37.50,39.4 1 0
dev.khulnasoft.com/cmd/agent/daemon.go:41.2,42.18 2 0
dev.khulnasoft.com/cmd/agent/daemon.go:45.54,47.16 2 0
dev.khulnasoft.com/cmd/agent/daemon.go:47.16,49.3 1 0
dev.khulnasoft.com/cmd/agent/daemon.go:51.2,58.12 4 0
dev.khulnasoft.com/cmd/agent/daemon.go:61.46,67.24 3 0
dev.khulnasoft.com/cmd/agent/daemon.go:67.24,69.17 2 0
dev.khulnasoft.com/cmd/agent/daemon.go:69.17,71.4 1 0
dev.khulnasoft.com/cmd/agent/daemon.go:75.2,75.6 1 0
dev.khulnasoft.com/cmd/agent/daemon.go:75.6,78.3 2 0
dev.khulnasoft.com/cmd/agent/daemon.go:81.46,87.16 4 0
dev.khulnasoft.com/cmd/agent/daemon.go:87.16,89.3 1 0
dev.khulnasoft.com/cmd/agent/daemon.go:92.2,94.16 3 0
dev.khulnasoft.com/cmd/agent/daemon.go:94.16,97.3 2 0
dev.khulnasoft.com/cmd/agent/daemon.go:100.2,100.32 1 0
dev.khulnasoft.com/cmd/agent/daemon.go:100.32,102.17 2 0
dev.khulnasoft.com/cmd/agent/daemon.go:102.17,104.12 2 0
dev.khulnasoft.com/cmd/agent/daemon.go:105.9,105.29 1 0
dev.khulnasoft.com/cmd/agent/daemon.go:105.29,106.12 1 0
dev.khulnasoft.com/cmd/agent/daemon.go:109.3,109.63 1 0
dev.khulnasoft.com/cmd/agent/daemon.go:109.63,112.4 2 0
dev.khulnasoft.com/cmd/agent/daemon.go:116.2,116.27 1 0
dev.khulnasoft.com/cmd/agent/daemon.go:116.27,117.24 1 0
dev.khulnasoft.com/cmd/agent/daemon.go:117.24,119.4 1 0
dev.khulnasoft.com/cmd/agent/daemon.go:119.9,121.4 1 0
dev.khulnasoft.com/cmd/agent/daemon.go:122.3,122.9 1 0
dev.khulnasoft.com/cmd/agent/daemon.go:126.2,127.35 2 0
dev.khulnasoft.com/cmd/agent/daemon.go:127.35,130.17 3 0
dev.khulnasoft.com/cmd/agent/daemon.go:130.17,133.4 2 0
dev.khulnasoft.com/cmd/agent/daemon.go:135.2,135.51 1 0
dev.khulnasoft.com/cmd/agent/daemon.go:135.51,138.3 2 0
dev.khulnasoft.com/cmd/agent/daemon.go:141.2,141.40 1 0
dev.khulnasoft.com/cmd/agent/daemon.go:144.99,147.16 2 0
dev.khulnasoft.com/cmd/agent/daemon.go:147.16,150.3 2 0
dev.khulnasoft.com/cmd/agent/daemon.go:153.2,163.16 4 0
dev.khulnasoft.com/cmd/agent/daemon.go:163.16,166.3 2 0
dev.khulnasoft.com/cmd/agent/daemon.go:168.2,168.55 1 0
dev.khulnasoft.com/cmd/agent/daemon.go:171.52,174.16 2 0
dev.khulnasoft.com/cmd/agent/daemon.go:174.16,176.3 1 0
dev.khulnasoft.com/cmd/agent/daemon.go:179.2,181.16 3 0
dev.khulnasoft.com/cmd/agent/daemon.go:181.16,184.3 2 0
dev.khulnasoft.com/cmd/agent/daemon.go:187.2,188.32 2 0
dev.khulnasoft.com/cmd/agent/daemon.go:188.32,190.17 2 0
dev.khulnasoft.com/cmd/agent/daemon.go:190.17,193.4 2 0
dev.khulnasoft.com/cmd/agent/daemon.go:197.109,199.16 2 0
dev.khulnasoft.com/cmd/agent/daemon.go:199.16,202.3 2 0
dev.khulnasoft.com/cmd/agent/daemon.go:205.2,205.45 1 0
dev.khulnasoft.com/cmd/agent/daemon.go:205.45,207.3 1 0
dev.khulnasoft.com/cmd/agent/daemon.go:210.2,211.16 2 0
dev.khulnasoft.com/cmd/agent/daemon.go:211.16,213.3 1 0
dev.khulnasoft.com/cmd/agent/daemon.go:216.2,217.63 2 0
dev.khulnasoft.com/cmd/agent/daemon.go:217.63,219.3 1 0
dev.khulnasoft.com/cmd/agent/daemon.go:222.2,222.27 1 0
dev.khulnasoft.com/cmd/agent/docker_credentials.go:29.71,36.53 2 0
dev.khulnasoft.com/cmd/agent/docker_credentials.go:36.53,38.4 1 0
dev.khulnasoft.com/cmd/agent/docker_credentials.go:40.2,42.29 3 0
dev.khulnasoft.com/cmd/agent/docker_credentials.go:45.96,46.20 1 0
dev.khulnasoft.com/cmd/agent/docker_credentials.go:46.20,48.3 1 0
dev.khulnasoft.com/cmd/agent/docker_credentials.go:51.2,51.22 1 0
dev.khulnasoft.com/cmd/agent/docker_credentials.go:51.22,53.3 1 0
dev.khulnasoft.com/cmd/agent/docker_credentials.go:53.8,53.30 1 0
dev.khulnasoft.com/cmd/agent/docker_credentials.go:53.30,55.3 1 0
dev.khulnasoft.com/cmd/agent/docker_credentials.go:57.2,57.12 1 0
dev.khulnasoft.com/cmd/agent/docker_credentials.go:60.67,62.16 2 0
dev.khulnasoft.com/cmd/agent/docker_credentials.go:62.16,64.3 1 0
dev.khulnasoft.com/cmd/agent/docker_credentials.go:66.2,67.16 2 0
dev.khulnasoft.com/cmd/agent/docker_credentials.go:67.16,70.3 2 0
dev.khulnasoft.com/cmd/agent/docker_credentials.go:71.2,74.16 3 0
dev.khulnasoft.com/cmd/agent/docker_credentials.go:74.16,77.3 2 0
dev.khulnasoft.com/cmd/agent/docker_credentials.go:80.2,80.42 1 0
dev.khulnasoft.com/cmd/agent/docker_credentials.go:80.42,83.3 2 0
dev.khulnasoft.com/cmd/agent/docker_credentials.go:85.2,87.16 3 0
dev.khulnasoft.com/cmd/agent/docker_credentials.go:87.16,90.3 2 0
dev.khulnasoft.com/cmd/agent/docker_credentials.go:92.2,92.36 1 0
dev.khulnasoft.com/cmd/agent/docker_credentials.go:92.36,94.3 1 0
dev.khulnasoft.com/cmd/agent/docker_credentials.go:95.2,96.16 2 0
dev.khulnasoft.com/cmd/agent/docker_credentials.go:96.16,99.3 2 0
dev.khulnasoft.com/cmd/agent/docker_credentials.go:102.2,103.12 2 0
dev.khulnasoft.com/cmd/agent/docker_credentials.go:106.66,108.16 2 0
dev.khulnasoft.com/cmd/agent/docker_credentials.go:108.16,110.3 1 0
dev.khulnasoft.com/cmd/agent/docker_credentials.go:110.8,110.53 1 0
dev.khulnasoft.com/cmd/agent/docker_credentials.go:110.53,112.3 1 0
dev.khulnasoft.com/cmd/agent/docker_credentials.go:114.2,115.16 2 0
dev.khulnasoft.com/cmd/agent/docker_credentials.go:115.16,117.3 1 0
dev.khulnasoft.com/cmd/agent/docker_credentials.go:119.2,120.16 2 0
dev.khulnasoft.com/cmd/agent/docker_credentials.go:120.16,123.3 2 0
dev.khulnasoft.com/cmd/agent/docker_credentials.go:124.2,127.16 3 0
dev.khulnasoft.com/cmd/agent/docker_credentials.go:127.16,130.3 2 0
dev.khulnasoft.com/cmd/agent/docker_credentials.go:133.2,133.42 1 0
dev.khulnasoft.com/cmd/agent/docker_credentials.go:133.42,136.3 2 0
dev.khulnasoft.com/cmd/agent/docker_credentials.go:139.2,140.16 2 0
dev.khulnasoft.com/cmd/agent/docker_credentials.go:140.16,143.3 2 0
dev.khulnasoft.com/cmd/agent/docker_credentials.go:146.2,147.12 2 0
dev.khulnasoft.com/cmd/agent/git_credentials.go:32.68,39.53 2 0
dev.khulnasoft.com/cmd/agent/git_credentials.go:39.53,41.4 1 0
dev.khulnasoft.com/cmd/agent/git_credentials.go:43.2,44.26 2 0
dev.khulnasoft.com/cmd/agent/git_credentials.go:47.93,48.20 1 0
dev.khulnasoft.com/cmd/agent/git_credentials.go:48.20,50.3 1 0
dev.khulnasoft.com/cmd/agent/git_credentials.go:50.8,50.29 1 0
dev.khulnasoft.com/cmd/agent/git_credentials.go:50.29,52.3 1 0
dev.khulnasoft.com/cmd/agent/git_credentials.go:54.2,55.16 2 0
dev.khulnasoft.com/cmd/agent/git_credentials.go:55.16,57.3 1 0
dev.khulnasoft.com/cmd/agent/git_credentials.go:59.2,60.16 2 0
dev.khulnasoft.com/cmd/agent/git_credentials.go:60.16,62.3 1 0
dev.khulnasoft.com/cmd/agent/git_credentials.go:65.2,66.41 2 0
dev.khulnasoft.com/cmd/agent/git_credentials.go:66.41,69.3 1 0
dev.khulnasoft.com/cmd/agent/git_credentials.go:72.2,72.24 1 0
dev.khulnasoft.com/cmd/agent/git_credentials.go:72.24,74.3 1 0
dev.khulnasoft.com/cmd/agent/git_credentials.go:77.2,78.12 2 0
dev.khulnasoft.com/cmd/agent/git_credentials.go:81.115,82.91 1 0
dev.khulnasoft.com/cmd/agent/git_credentials.go:82.91,85.3 1 0
dev.khulnasoft.com/cmd/agent/git_credentials.go:87.2,89.72 1 0
dev.khulnasoft.com/cmd/agent/git_credentials.go:89.72,91.5 1 0
dev.khulnasoft.com/cmd/agent/git_credentials.go:95.2,96.27 2 0
dev.khulnasoft.com/cmd/agent/git_credentials.go:96.27,99.17 2 0
dev.khulnasoft.com/cmd/agent/git_credentials.go:99.17,101.4 1 0
dev.khulnasoft.com/cmd/agent/git_credentials.go:102.3,105.13 3 0
dev.khulnasoft.com/cmd/agent/git_credentials.go:108.2,108.20 1 0
dev.khulnasoft.com/cmd/agent/git_credentials.go:111.122,113.27 2 0
dev.khulnasoft.com/cmd/agent/git_credentials.go:113.27,116.17 2 0
dev.khulnasoft.com/cmd/agent/git_credentials.go:116.17,118.4 1 0
dev.khulnasoft.com/cmd/agent/git_credentials.go:119.3,122.13 3 0
dev.khulnasoft.com/cmd/agent/git_credentials.go:125.2,125.20 1 0
dev.khulnasoft.com/cmd/agent/git_credentials.go:128.137,130.16 2 0
dev.khulnasoft.com/cmd/agent/git_credentials.go:130.16,132.3 1 0
dev.khulnasoft.com/cmd/agent/git_credentials.go:134.2,135.16 2 0
dev.khulnasoft.com/cmd/agent/git_credentials.go:135.16,137.3 1 0
dev.khulnasoft.com/cmd/agent/git_credentials.go:138.2,141.16 3 0
dev.khulnasoft.com/cmd/agent/git_credentials.go:141.16,143.3 1 0
dev.khulnasoft.com/cmd/agent/git_credentials.go:146.2,146.42 1 0
dev.khulnasoft.com/cmd/agent/git_credentials.go:146.42,148.3 1 0
dev.khulnasoft.com/cmd/agent/git_credentials.go:150.2,152.16 3 0
dev.khulnasoft.com/cmd/agent/git_credentials.go:152.16,154.3 1 0
dev.khulnasoft.com/cmd/agent/git_credentials.go:156.2,156.25 1 0
dev.khulnasoft.com/cmd/agent/git_ssh_signature.go:30.69,37.53 2 0
dev.khulnasoft.com/cmd/agent/git_ssh_signature.go:37.53,40.21 2 0
dev.khulnasoft.com/cmd/agent/git_ssh_signature.go:40.21,42.5 1 0
dev.khulnasoft.com/cmd/agent/git_ssh_signature.go:45.4,45.29 1 0
dev.khulnasoft.com/cmd/agent/git_ssh_signature.go:45.29,47.5 1 0
dev.khulnasoft.com/cmd/agent/git_ssh_signature.go:50.4,53.57 2 0
dev.khulnasoft.com/cmd/agent/git_ssh_signature.go:57.2,61.27 4 0
dev.khulnasoft.com/cmd/agent/git_ssh_signature_helper.go:30.75,38.53 2 0
dev.khulnasoft.com/cmd/agent/git_ssh_signature_helper.go:38.53,40.18 2 0
dev.khulnasoft.com/cmd/agent/git_ssh_signature_helper.go:40.18,42.5 1 0
dev.khulnasoft.com/cmd/agent/git_ssh_signature_helper.go:44.4,44.21 1 0
dev.khulnasoft.com/cmd/agent/git_ssh_signature_helper.go:44.21,46.5 1 0
dev.khulnasoft.com/cmd/agent/git_ssh_signature_helper.go:47.4,51.18 4 0
dev.khulnasoft.com/cmd/agent/git_ssh_signature_helper.go:51.18,53.5 1 0
dev.khulnasoft.com/cmd/agent/git_ssh_signature_helper.go:55.4,55.14 1 0
dev.khulnasoft.com/cmd/agent/git_ssh_signature_helper.go:59.2,59.33 1 0
dev.khulnasoft.com/cmd/agent/container/container.go:9.63,23.2 9 0
dev.khulnasoft.com/cmd/agent/container/credentials_server.go:41.71,49.53 2 0
dev.khulnasoft.com/cmd/agent/container/credentials_server.go:49.53,51.18 2 0
dev.khulnasoft.com/cmd/agent/container/credentials_server.go:51.18,53.5 1 0
dev.khulnasoft.com/cmd/agent/container/credentials_server.go:55.4,55.37 1 0
dev.khulnasoft.com/cmd/agent/container/credentials_server.go:58.2,65.29 7 0
dev.khulnasoft.com/cmd/agent/container/credentials_server.go:69.75,72.16 2 0
dev.khulnasoft.com/cmd/agent/container/credentials_server.go:72.16,74.3 1 0
dev.khulnasoft.com/cmd/agent/container/credentials_server.go:77.2,78.16 2 0
dev.khulnasoft.com/cmd/agent/container/credentials_server.go:78.16,80.3 1 0
dev.khulnasoft.com/cmd/agent/container/credentials_server.go:83.2,86.22 2 0
dev.khulnasoft.com/cmd/agent/container/credentials_server.go:86.22,87.13 1 0
dev.khulnasoft.com/cmd/agent/container/credentials_server.go:87.13,90.18 3 0
dev.khulnasoft.com/cmd/agent/container/credentials_server.go:90.18,92.5 1 0
dev.khulnasoft.com/cmd/agent/container/credentials_server.go:96.2,97.61 2 0
dev.khulnasoft.com/cmd/agent/container/credentials_server.go:97.61,100.3 2 0
dev.khulnasoft.com/cmd/agent/container/credentials_server.go:103.2,103.31 1 0
dev.khulnasoft.com/cmd/agent/container/credentials_server.go:103.31,105.17 2 0
dev.khulnasoft.com/cmd/agent/container/credentials_server.go:105.17,107.4 1 0
dev.khulnasoft.com/cmd/agent/container/credentials_server.go:111.2,112.16 2 0
dev.khulnasoft.com/cmd/agent/container/credentials_server.go:112.16,115.3 2 0
dev.khulnasoft.com/cmd/agent/container/credentials_server.go:118.2,118.28 1 0
dev.khulnasoft.com/cmd/agent/container/credentials_server.go:118.28,120.17 2 0
dev.khulnasoft.com/cmd/agent/container/credentials_server.go:120.17,122.4 1 0
dev.khulnasoft.com/cmd/agent/container/credentials_server.go:123.3,124.17 2 0
dev.khulnasoft.com/cmd/agent/container/credentials_server.go:124.17,126.4 1 0
dev.khulnasoft.com/cmd/agent/container/credentials_server.go:129.3,129.31 1 0
dev.khulnasoft.com/cmd/agent/container/credentials_server.go:129.31,131.4 1 0
dev.khulnasoft.com/cmd/agent/container/credentials_server.go:135.2,135.33 1 0
dev.khulnasoft.com/cmd/agent/container/credentials_server.go:135.33,137.17 2 0
dev.khulnasoft.com/cmd/agent/container/credentials_server.go:137.17,139.4 1 0
dev.khulnasoft.com/cmd/agent/container/credentials_server.go:140.3,141.17 2 0
dev.khulnasoft.com/cmd/agent/container/credentials_server.go:141.17,143.4 1 0
dev.khulnasoft.com/cmd/agent/container/credentials_server.go:146.3,146.31 1 0
dev.khulnasoft.com/cmd/agent/container/credentials_server.go:146.31,148.4 1 0
dev.khulnasoft.com/cmd/agent/container/credentials_server.go:151.2,151.71 1 0
dev.khulnasoft.com/cmd/agent/container/credentials_server.go:154.102,157.16 2 0
dev.khulnasoft.com/cmd/agent/container/credentials_server.go:157.16,159.3 1 0
dev.khulnasoft.com/cmd/agent/container/credentials_server.go:159.8,159.64 1 0
dev.khulnasoft.com/cmd/agent/container/credentials_server.go:159.64,161.3 1 0
dev.khulnasoft.com/cmd/agent/container/credentials_server.go:164.2,165.16 2 0
dev.khulnasoft.com/cmd/agent/container/credentials_server.go:165.16,167.3 1 0
dev.khulnasoft.com/cmd/agent/container/credentials_server.go:170.2,172.16 3 0
dev.khulnasoft.com/cmd/agent/container/credentials_server.go:172.16,174.3 1 0
dev.khulnasoft.com/cmd/agent/container/credentials_server.go:177.2,177.29 1 0
dev.khulnasoft.com/cmd/agent/container/credentials_server.go:177.29,179.3 1 0
dev.khulnasoft.com/cmd/agent/container/credentials_server.go:180.2,180.30 1 0
dev.khulnasoft.com/cmd/agent/container/credentials_server.go:180.30,182.3 1 0
dev.khulnasoft.com/cmd/agent/container/credentials_server.go:185.2,186.16 2 0
dev.khulnasoft.com/cmd/agent/container/credentials_server.go:186.16,188.3 1 0
dev.khulnasoft.com/cmd/agent/container/credentials_server.go:190.2,190.12 1 0
dev.khulnasoft.com/cmd/agent/container/credentials_server.go:193.90,195.2 1 0
dev.khulnasoft.com/cmd/agent/container/credentials_server.go:203.48,206.2 2 0
dev.khulnasoft.com/cmd/agent/container/credentials_server.go:208.52,211.2 2 0
dev.khulnasoft.com/cmd/agent/container/daemon.go:38.36,51.2 4 0
dev.khulnasoft.com/cmd/agent/container/daemon.go:53.66,58.41 4 0
dev.khulnasoft.com/cmd/agent/container/daemon.go:58.41,60.3 1 0
dev.khulnasoft.com/cmd/agent/container/daemon.go:63.2,64.30 2 0
dev.khulnasoft.com/cmd/agent/container/daemon.go:64.30,67.17 3 0
dev.khulnasoft.com/cmd/agent/container/daemon.go:67.17,69.4 1 0
dev.khulnasoft.com/cmd/agent/container/daemon.go:70.3,70.26 1 0
dev.khulnasoft.com/cmd/agent/container/daemon.go:70.26,71.46 1 0
dev.khulnasoft.com/cmd/agent/container/daemon.go:71.46,73.5 1 0
dev.khulnasoft.com/cmd/agent/container/daemon.go:77.2,83.22 4 0
dev.khulnasoft.com/cmd/agent/container/daemon.go:83.22,86.3 2 0
dev.khulnasoft.com/cmd/agent/container/daemon.go:89.2,89.34 1 0
dev.khulnasoft.com/cmd/agent/container/daemon.go:89.34,93.3 3 0
dev.khulnasoft.com/cmd/agent/container/daemon.go:96.2,96.25 1 0
dev.khulnasoft.com/cmd/agent/container/daemon.go:96.25,100.3 3 0
dev.khulnasoft.com/cmd/agent/container/daemon.go:103.2,103.24 1 0
dev.khulnasoft.com/cmd/agent/container/daemon.go:103.24,107.3 3 0
dev.khulnasoft.com/cmd/agent/container/daemon.go:110.2,110.19 1 0
dev.khulnasoft.com/cmd/agent/container/daemon.go:110.19,112.13 2 0
dev.khulnasoft.com/cmd/agent/container/daemon.go:112.13,115.4 2 0
dev.khulnasoft.com/cmd/agent/container/daemon.go:119.2,126.16 5 0
dev.khulnasoft.com/cmd/agent/container/daemon.go:126.16,129.3 2 0
dev.khulnasoft.com/cmd/agent/container/daemon.go:130.2,131.12 2 0
dev.khulnasoft.com/cmd/agent/container/daemon.go:136.42,140.16 3 0
dev.khulnasoft.com/cmd/agent/container/daemon.go:140.16,141.37 1 0
dev.khulnasoft.com/cmd/agent/container/daemon.go:141.37,144.4 1 0
dev.khulnasoft.com/cmd/agent/container/daemon.go:144.9,146.4 1 0
dev.khulnasoft.com/cmd/agent/container/daemon.go:147.8,149.3 1 0
dev.khulnasoft.com/cmd/agent/container/daemon.go:151.2,151.41 1 0
dev.khulnasoft.com/cmd/agent/container/daemon.go:151.41,153.17 2 0
dev.khulnasoft.com/cmd/agent/container/daemon.go:153.17,155.4 1 0
dev.khulnasoft.com/cmd/agent/container/daemon.go:156.3,157.54 2 0
dev.khulnasoft.com/cmd/agent/container/daemon.go:157.54,159.4 1 0
dev.khulnasoft.com/cmd/agent/container/daemon.go:160.3,160.31 1 0
dev.khulnasoft.com/cmd/agent/container/daemon.go:160.31,162.4 1 0
dev.khulnasoft.com/cmd/agent/container/daemon.go:163.3,163.20 1 0
dev.khulnasoft.com/cmd/agent/container/daemon.go:166.2,166.12 1 0
dev.khulnasoft.com/cmd/agent/container/daemon.go:170.53,174.2 1 0
dev.khulnasoft.com/cmd/agent/container/daemon.go:177.43,179.2 1 0
dev.khulnasoft.com/cmd/agent/container/daemon.go:182.32,183.77 1 0
dev.khulnasoft.com/cmd/agent/container/daemon.go:183.77,185.3 1 0
dev.khulnasoft.com/cmd/agent/container/daemon.go:186.2,186.52 1 0
dev.khulnasoft.com/cmd/agent/container/daemon.go:190.79,194.2 3 0
dev.khulnasoft.com/cmd/agent/container/daemon.go:197.111,201.6 4 0
dev.khulnasoft.com/cmd/agent/container/daemon.go:201.6,202.10 1 0
dev.khulnasoft.com/cmd/agent/container/daemon.go:203.21,204.10 1 0
dev.khulnasoft.com/cmd/agent/container/daemon.go:205.19,207.18 2 0
dev.khulnasoft.com/cmd/agent/container/daemon.go:207.18,208.13 1 0
dev.khulnasoft.com/cmd/agent/container/daemon.go:210.4,210.55 1 0
dev.khulnasoft.com/cmd/agent/container/daemon.go:210.55,213.5 2 0
dev.khulnasoft.com/cmd/agent/container/daemon.go:219.102,221.58 2 0
dev.khulnasoft.com/cmd/agent/container/daemon.go:221.58,224.3 2 0
dev.khulnasoft.com/cmd/agent/container/daemon.go:225.2,231.52 7 0
dev.khulnasoft.com/cmd/agent/container/daemon.go:231.52,234.3 2 0
dev.khulnasoft.com/cmd/agent/container/daemon.go:235.2,241.50 1 0
dev.khulnasoft.com/cmd/agent/container/daemon.go:241.50,243.4 1 0
dev.khulnasoft.com/cmd/agent/container/daemon.go:245.2,245.44 1 0
dev.khulnasoft.com/cmd/agent/container/daemon.go:245.44,247.3 1 0
dev.khulnasoft.com/cmd/agent/container/daemon.go:251.98,254.16 3 0
dev.khulnasoft.com/cmd/agent/container/daemon.go:254.16,257.3 2 0
dev.khulnasoft.com/cmd/agent/container/daemon.go:259.2,260.34 2 0
dev.khulnasoft.com/cmd/agent/container/daemon.go:260.34,262.3 1 0
dev.khulnasoft.com/cmd/agent/container/daemon.go:263.2,263.31 1 0
dev.khulnasoft.com/cmd/agent/container/daemon.go:263.31,265.3 1 0
dev.khulnasoft.com/cmd/agent/container/daemon.go:267.2,271.39 4 0
dev.khulnasoft.com/cmd/agent/container/daemon.go:271.39,274.3 2 0
dev.khulnasoft.com/cmd/agent/container/daemon.go:276.2,277.12 2 0
dev.khulnasoft.com/cmd/agent/container/daemon.go:277.12,278.10 1 0
dev.khulnasoft.com/cmd/agent/container/daemon.go:279.21,280.29 1 0
dev.khulnasoft.com/cmd/agent/container/daemon.go:280.29,281.66 1 0
dev.khulnasoft.com/cmd/agent/container/daemon.go:281.66,283.6 1 0
dev.khulnasoft.com/cmd/agent/container/daemon.go:285.15,285.15 0 0
dev.khulnasoft.com/cmd/agent/container/daemon.go:289.2,289.38 1 0
dev.khulnasoft.com/cmd/agent/container/daemon.go:289.38,293.3 3 0
dev.khulnasoft.com/cmd/agent/container/daemon.go:294.2,294.13 1 0
dev.khulnasoft.com/cmd/agent/container/daemon.go:298.63,301.9 3 0
dev.khulnasoft.com/cmd/agent/container/daemon.go:302.24,303.52 1 0
dev.khulnasoft.com/cmd/agent/container/daemon.go:304.20,304.20 0 0
dev.khulnasoft.com/cmd/agent/container/daemon.go:309.31,311.2 1 0
dev.khulnasoft.com/cmd/agent/container/openvscode_async.go:22.45,33.2 5 0
dev.khulnasoft.com/cmd/agent/container/openvscode_async.go:36.72,39.16 3 0
dev.khulnasoft.com/cmd/agent/container/openvscode_async.go:39.16,41.3 1 0
dev.khulnasoft.com/cmd/agent/container/openvscode_async.go:43.2,45.16 3 0
dev.khulnasoft.com/cmd/agent/container/openvscode_async.go:45.16,47.3 1 0
dev.khulnasoft.com/cmd/agent/container/openvscode_async.go:50.2,51.16 2 0
dev.khulnasoft.com/cmd/agent/container/openvscode_async.go:51.16,53.3 1 0
dev.khulnasoft.com/cmd/agent/container/openvscode_async.go:55.2,55.12 1 0
dev.khulnasoft.com/cmd/agent/container/openvscode_async.go:58.80,62.2 3 0
dev.khulnasoft.com/cmd/agent/container/setup.go:70.68,78.53 2 0
dev.khulnasoft.com/cmd/agent/container/setup.go:78.53,80.4 1 0
dev.khulnasoft.com/cmd/agent/container/setup.go:82.2,91.26 10 0
dev.khulnasoft.com/cmd/agent/container/setup.go:95.62,98.16 2 0
dev.khulnasoft.com/cmd/agent/container/setup.go:98.16,100.3 1 0
dev.khulnasoft.com/cmd/agent/container/setup.go:103.2,108.16 4 0
dev.khulnasoft.com/cmd/agent/container/setup.go:108.16,110.3 1 0
dev.khulnasoft.com/cmd/agent/container/setup.go:113.2,115.16 3 0
dev.khulnasoft.com/cmd/agent/container/setup.go:115.16,117.3 1 0
dev.khulnasoft.com/cmd/agent/container/setup.go:119.2,120.16 2 0
dev.khulnasoft.com/cmd/agent/container/setup.go:120.16,122.3 1 0
dev.khulnasoft.com/cmd/agent/container/setup.go:124.2,126.16 3 0
dev.khulnasoft.com/cmd/agent/container/setup.go:126.16,128.3 1 0
dev.khulnasoft.com/cmd/agent/container/setup.go:131.2,131.22 1 0
dev.khulnasoft.com/cmd/agent/container/setup.go:131.22,134.28 3 0
dev.khulnasoft.com/cmd/agent/container/setup.go:134.28,136.39 1 0
dev.khulnasoft.com/cmd/agent/container/setup.go:136.39,138.37 2 0
dev.khulnasoft.com/cmd/agent/container/setup.go:138.37,140.14 2 0
dev.khulnasoft.com/cmd/agent/container/setup.go:145.4,146.18 2 0
dev.khulnasoft.com/cmd/agent/container/setup.go:146.18,148.5 1 0
dev.khulnasoft.com/cmd/agent/container/setup.go:153.2,154.16 2 0
dev.khulnasoft.com/cmd/agent/container/setup.go:154.16,156.3 1 0
dev.khulnasoft.com/cmd/agent/container/setup.go:159.2,160.16 2 0
dev.khulnasoft.com/cmd/agent/container/setup.go:160.16,162.3 1 0
dev.khulnasoft.com/cmd/agent/container/setup.go:164.2,164.30 1 0
dev.khulnasoft.com/cmd/agent/container/setup.go:164.30,169.17 4 0
dev.khulnasoft.com/cmd/agent/container/setup.go:169.17,171.4 1 0
dev.khulnasoft.com/cmd/agent/container/setup.go:171.9,173.4 1 0
dev.khulnasoft.com/cmd/agent/container/setup.go:176.2,176.77 1 0
dev.khulnasoft.com/cmd/agent/container/setup.go:176.77,180.55 2 0
dev.khulnasoft.com/cmd/agent/container/setup.go:180.55,182.4 1 0
dev.khulnasoft.com/cmd/agent/container/setup.go:182.9,191.18 1 0
dev.khulnasoft.com/cmd/agent/container/setup.go:191.18,193.5 1 0
dev.khulnasoft.com/cmd/agent/container/setup.go:198.2,199.16 2 0
dev.khulnasoft.com/cmd/agent/container/setup.go:199.16,201.3 1 0
dev.khulnasoft.com/cmd/agent/container/setup.go:204.2,205.16 2 0
dev.khulnasoft.com/cmd/agent/container/setup.go:205.16,207.3 1 0
dev.khulnasoft.com/cmd/agent/container/setup.go:210.2,210.131 1 0
dev.khulnasoft.com/cmd/agent/container/setup.go:210.131,211.72 1 0
dev.khulnasoft.com/cmd/agent/container/setup.go:211.72,214.18 3 0
dev.khulnasoft.com/cmd/agent/container/setup.go:214.18,216.5 1 0
dev.khulnasoft.com/cmd/agent/container/setup.go:218.4,218.117 1 0
dev.khulnasoft.com/cmd/agent/container/setup.go:220.3,220.17 1 0
dev.khulnasoft.com/cmd/agent/container/setup.go:220.17,222.4 1 0
dev.khulnasoft.com/cmd/agent/container/setup.go:225.2,226.16 2 0
dev.khulnasoft.com/cmd/agent/container/setup.go:226.16,228.3 1 0
dev.khulnasoft.com/cmd/agent/container/setup.go:230.2,231.16 2 0
dev.khulnasoft.com/cmd/agent/container/setup.go:231.16,233.3 1 0
dev.khulnasoft.com/cmd/agent/container/setup.go:235.2,235.12 1 0
dev.khulnasoft.com/cmd/agent/container/setup.go:238.55,240.45 1 0
dev.khulnasoft.com/cmd/agent/container/setup.go:240.45,242.3 1 0
dev.khulnasoft.com/cmd/agent/container/setup.go:244.2,244.60 1 0
dev.khulnasoft.com/cmd/agent/container/setup.go:244.60,246.3 1 0
dev.khulnasoft.com/cmd/agent/container/setup.go:249.2,251.16 3 0
dev.khulnasoft.com/cmd/agent/container/setup.go:251.16,253.3 1 0
dev.khulnasoft.com/cmd/agent/container/setup.go:254.2,255.12 2 0
dev.khulnasoft.com/cmd/agent/container/setup.go:265.9,266.39 1 0
dev.khulnasoft.com/cmd/agent/container/setup.go:266.39,268.3 1 0
dev.khulnasoft.com/cmd/agent/container/setup.go:270.2,271.16 2 0
dev.khulnasoft.com/cmd/agent/container/setup.go:271.16,274.3 2 0
dev.khulnasoft.com/cmd/agent/container/setup.go:276.2,277.24 2 0
dev.khulnasoft.com/cmd/agent/container/setup.go:277.24,280.3 2 0
dev.khulnasoft.com/cmd/agent/container/setup.go:283.2,286.16 4 0
dev.khulnasoft.com/cmd/agent/container/setup.go:286.16,289.17 2 0
dev.khulnasoft.com/cmd/agent/container/setup.go:289.17,291.4 1 0
dev.khulnasoft.com/cmd/agent/container/setup.go:293.3,294.17 2 0
dev.khulnasoft.com/cmd/agent/container/setup.go:294.17,296.4 1 0
dev.khulnasoft.com/cmd/agent/container/setup.go:299.2,300.16 2 0
dev.khulnasoft.com/cmd/agent/container/setup.go:300.16,302.3 1 0
dev.khulnasoft.com/cmd/agent/container/setup.go:305.2,305.58 1 0
dev.khulnasoft.com/cmd/agent/container/setup.go:305.58,312.17 5 0
dev.khulnasoft.com/cmd/agent/container/setup.go:312.17,314.4 1 0
dev.khulnasoft.com/cmd/agent/container/setup.go:314.9,315.17 1 0
dev.khulnasoft.com/cmd/agent/container/setup.go:315.17,318.5 2 0
dev.khulnasoft.com/cmd/agent/container/setup.go:323.2,327.43 5 0
dev.khulnasoft.com/cmd/agent/container/setup.go:327.43,330.3 2 0
dev.khulnasoft.com/cmd/agent/container/setup.go:333.2,334.50 2 0
dev.khulnasoft.com/cmd/agent/container/setup.go:334.50,337.35 2 0
dev.khulnasoft.com/cmd/agent/container/setup.go:337.35,339.4 1 0
dev.khulnasoft.com/cmd/agent/container/setup.go:343.2,350.11 5 0
dev.khulnasoft.com/cmd/agent/container/setup.go:350.11,354.3 3 0
dev.khulnasoft.com/cmd/agent/container/setup.go:355.2,358.16 4 0
dev.khulnasoft.com/cmd/agent/container/setup.go:358.16,360.3 1 0
dev.khulnasoft.com/cmd/agent/container/setup.go:363.2,364.16 2 0
dev.khulnasoft.com/cmd/agent/container/setup.go:364.16,366.3 1 0
dev.khulnasoft.com/cmd/agent/container/setup.go:369.2,371.16 3 0
dev.khulnasoft.com/cmd/agent/container/setup.go:371.16,373.3 1 0
dev.khulnasoft.com/cmd/agent/container/setup.go:376.2,381.16 4 0
dev.khulnasoft.com/cmd/agent/container/setup.go:381.16,384.3 2 0
dev.khulnasoft.com/cmd/agent/container/setup.go:386.2,386.12 1 0
dev.khulnasoft.com/cmd/agent/container/setup.go:389.52,390.42 1 0
dev.khulnasoft.com/cmd/agent/container/setup.go:390.42,392.3 1 0
dev.khulnasoft.com/cmd/agent/container/setup.go:394.2,396.29 3 0
dev.khulnasoft.com/cmd/agent/container/setup.go:396.29,398.3 1 0
dev.khulnasoft.com/cmd/agent/container/setup.go:400.2,400.17 1 0
dev.khulnasoft.com/cmd/agent/container/setup.go:408.19,410.16 2 0
dev.khulnasoft.com/cmd/agent/container/setup.go:410.16,412.3 1 0
dev.khulnasoft.com/cmd/agent/container/setup.go:414.2,415.16 2 0
dev.khulnasoft.com/cmd/agent/container/setup.go:415.16,417.3 1 0
dev.khulnasoft.com/cmd/agent/container/setup.go:419.2,419.31 1 0
dev.khulnasoft.com/cmd/agent/container/setup.go:422.125,423.18 1 0
dev.khulnasoft.com/cmd/agent/container/setup.go:424.31,425.13 1 0
dev.khulnasoft.com/cmd/agent/container/setup.go:426.33,427.75 1 0
dev.khulnasoft.com/cmd/agent/container/setup.go:428.41,429.77 1 0
dev.khulnasoft.com/cmd/agent/container/setup.go:430.33,431.75 1 0
dev.khulnasoft.com/cmd/agent/container/setup.go:432.35,433.77 1 0
dev.khulnasoft.com/cmd/agent/container/setup.go:434.33,435.75 1 0
dev.khulnasoft.com/cmd/agent/container/setup.go:436.35,437.77 1 0
dev.khulnasoft.com/cmd/agent/container/setup.go:438.37,439.58 1 0
dev.khulnasoft.com/cmd/agent/container/setup.go:440.33,441.96 1 0
dev.khulnasoft.com/cmd/agent/container/setup.go:442.36,443.99 1 0
dev.khulnasoft.com/cmd/agent/container/setup.go:444.34,445.97 1 0
dev.khulnasoft.com/cmd/agent/container/setup.go:446.35,447.92 1 0
dev.khulnasoft.com/cmd/agent/container/setup.go:448.35,449.92 1 0
dev.khulnasoft.com/cmd/agent/container/setup.go:450.32,451.95 1 0
dev.khulnasoft.com/cmd/agent/container/setup.go:452.32,453.95 1 0
dev.khulnasoft.com/cmd/agent/container/setup.go:454.35,455.98 1 0
dev.khulnasoft.com/cmd/agent/container/setup.go:456.35,457.98 1 0
dev.khulnasoft.com/cmd/agent/container/setup.go:458.36,459.99 1 0
dev.khulnasoft.com/cmd/agent/container/setup.go:460.32,461.145 1 0
dev.khulnasoft.com/cmd/agent/container/setup.go:462.42,463.159 1 0
dev.khulnasoft.com/cmd/agent/container/setup.go:464.34,466.17 2 0
dev.khulnasoft.com/cmd/agent/container/setup.go:466.17,468.4 1 0
dev.khulnasoft.com/cmd/agent/container/setup.go:471.2,471.12 1 0
dev.khulnasoft.com/cmd/agent/container/setup.go:474.156,478.43 4 0
dev.khulnasoft.com/cmd/agent/container/setup.go:478.43,480.17 2 0
dev.khulnasoft.com/cmd/agent/container/setup.go:480.17,482.4 1 0
dev.khulnasoft.com/cmd/agent/container/setup.go:484.3,484.25 1 0
dev.khulnasoft.com/cmd/agent/container/setup.go:487.2,489.16 3 0
dev.khulnasoft.com/cmd/agent/container/setup.go:489.16,491.3 1 0
dev.khulnasoft.com/cmd/agent/container/setup.go:494.2,494.88 1 0
dev.khulnasoft.com/cmd/agent/container/setup.go:494.88,496.3 1 0
dev.khulnasoft.com/cmd/agent/container/setup.go:498.2,498.46 1 0
dev.khulnasoft.com/cmd/agent/container/setup.go:498.46,500.3 1 0
dev.khulnasoft.com/cmd/agent/container/setup.go:502.2,502.86 1 0
dev.khulnasoft.com/cmd/agent/container/setup.go:502.86,505.17 3 0
dev.khulnasoft.com/cmd/agent/container/setup.go:505.17,507.4 1 0
dev.khulnasoft.com/cmd/agent/container/setup.go:509.3,515.48 2 0
dev.khulnasoft.com/cmd/agent/container/setup.go:519.138,523.43 4 0
dev.khulnasoft.com/cmd/agent/container/setup.go:523.43,525.17 2 0
dev.khulnasoft.com/cmd/agent/container/setup.go:525.17,527.4 1 0
dev.khulnasoft.com/cmd/agent/container/setup.go:529.3,529.25 1 0
dev.khulnasoft.com/cmd/agent/container/setup.go:532.2,537.16 4 0
dev.khulnasoft.com/cmd/agent/container/setup.go:537.16,539.3 1 0
dev.khulnasoft.com/cmd/agent/container/setup.go:542.2,542.45 1 0
dev.khulnasoft.com/cmd/agent/container/setup.go:542.45,543.73 1 0
dev.khulnasoft.com/cmd/agent/container/setup.go:543.73,546.18 3 0
dev.khulnasoft.com/cmd/agent/container/setup.go:546.18,548.5 1 0
dev.khulnasoft.com/cmd/agent/container/setup.go:550.4,550.113 1 0
dev.khulnasoft.com/cmd/agent/container/setup.go:552.3,552.17 1 0
dev.khulnasoft.com/cmd/agent/container/setup.go:552.17,554.4 1 0
dev.khulnasoft.com/cmd/agent/container/setup.go:558.2,558.27 1 0
dev.khulnasoft.com/cmd/agent/container/setup.go:561.144,562.28 1 0
dev.khulnasoft.com/cmd/agent/container/setup.go:562.28,564.3 1 0
dev.khulnasoft.com/cmd/agent/container/setup.go:566.2,567.16 2 0
dev.khulnasoft.com/cmd/agent/container/setup.go:567.16,569.3 1 0
dev.khulnasoft.com/cmd/agent/container/setup.go:571.2,572.16 2 0
dev.khulnasoft.com/cmd/agent/container/setup.go:572.16,574.3 1 0
dev.khulnasoft.com/cmd/agent/container/setup.go:576.2,580.16 4 0
dev.khulnasoft.com/cmd/agent/container/setup.go:580.16,582.3 1 0
dev.khulnasoft.com/cmd/agent/container/setup.go:584.2,584.20 1 0
dev.khulnasoft.com/cmd/agent/container/setup.go:584.20,587.17 3 0
dev.khulnasoft.com/cmd/agent/container/setup.go:587.17,589.4 1 0
dev.khulnasoft.com/cmd/agent/container/setup.go:592.2,592.21 1 0
dev.khulnasoft.com/cmd/agent/container/setup.go:595.164,597.47 1 0
dev.khulnasoft.com/cmd/agent/container/setup.go:597.47,617.17 5 0
dev.khulnasoft.com/cmd/agent/container/setup.go:617.17,619.4 1 0
dev.khulnasoft.com/cmd/agent/container/setup.go:620.3,624.17 3 0
dev.khulnasoft.com/cmd/agent/container/setup.go:624.17,626.4 1 0
dev.khulnasoft.com/cmd/agent/container/setup.go:627.3,630.39 2 0
dev.khulnasoft.com/cmd/agent/container/setup.go:630.39,633.4 2 0
dev.khulnasoft.com/cmd/agent/container/setup.go:636.3,643.17 3 0
dev.khulnasoft.com/cmd/agent/container/setup.go:643.17,645.4 1 0
dev.khulnasoft.com/cmd/agent/container/setup.go:647.3,647.13 1 0
dev.khulnasoft.com/cmd/agent/container/setup.go:651.2,653.16 3 0
dev.khulnasoft.com/cmd/agent/container/setup.go:653.16,655.3 1 0
dev.khulnasoft.com/cmd/agent/container/setup.go:658.2,659.16 2 0
dev.khulnasoft.com/cmd/agent/container/setup.go:659.16,661.3 1 0
dev.khulnasoft.com/cmd/agent/container/setup.go:663.2,663.12 1 0
dev.khulnasoft.com/cmd/agent/container/setup.go:674.60,677.47 3 0
dev.khulnasoft.com/cmd/agent/container/setup.go:677.47,680.3 2 0
dev.khulnasoft.com/cmd/agent/container/setup.go:682.2,682.15 1 0
dev.khulnasoft.com/cmd/agent/container/setup_loft_platform_access.go:24.77,45.2 9 0
dev.khulnasoft.com/cmd/agent/container/setup_loft_platform_access.go:49.81,53.16 3 0
dev.khulnasoft.com/cmd/agent/container/setup_loft_platform_access.go:53.16,55.3 1 0
dev.khulnasoft.com/cmd/agent/container/setup_loft_platform_access.go:57.2,57.16 1 0
dev.khulnasoft.com/cmd/agent/container/setup_loft_platform_access.go:57.16,59.3 1 0
dev.khulnasoft.com/cmd/agent/container/setup_loft_platform_access.go:61.2,62.16 2 0
dev.khulnasoft.com/cmd/agent/container/setup_loft_platform_access.go:62.16,64.3 1 0
dev.khulnasoft.com/cmd/agent/container/setup_loft_platform_access.go:66.2,66.23 1 0
dev.khulnasoft.com/cmd/agent/container/setup_loft_platform_access.go:66.23,69.3 2 0
dev.khulnasoft.com/cmd/agent/container/setup_loft_platform_access.go:71.2,72.16 2 0
dev.khulnasoft.com/cmd/agent/container/setup_loft_platform_access.go:72.16,75.3 1 0
dev.khulnasoft.com/cmd/agent/container/setup_loft_platform_access.go:77.2,78.16 2 0
dev.khulnasoft.com/cmd/agent/container/setup_loft_platform_access.go:78.16,81.3 1 0
dev.khulnasoft.com/cmd/agent/container/setup_loft_platform_access.go:83.2,83.12 1 0
dev.khulnasoft.com/cmd/agent/container/ssh_server.go:28.63,43.2 6 0
dev.khulnasoft.com/cmd/agent/container/ssh_server.go:46.66,49.16 3 0
dev.khulnasoft.com/cmd/agent/container/ssh_server.go:49.16,51.3 1 0
dev.khulnasoft.com/cmd/agent/container/ssh_server.go:54.2,55.16 2 0
dev.khulnasoft.com/cmd/agent/container/ssh_server.go:55.16,56.17 1 0
dev.khulnasoft.com/cmd/agent/container/ssh_server.go:56.17,58.4 1 0
dev.khulnasoft.com/cmd/agent/container/ssh_server.go:60.3,61.13 2 0
dev.khulnasoft.com/cmd/agent/container/ssh_server.go:64.2,64.32 1 0
dev.khulnasoft.com/cmd/agent/container/ssh_server.go:67.62,69.11 2 0
dev.khulnasoft.com/cmd/agent/container/ssh_server.go:69.11,71.3 1 0
dev.khulnasoft.com/cmd/agent/container/ssh_server.go:72.2,75.22 3 0
dev.khulnasoft.com/cmd/agent/container/ssh_server.go:75.22,77.3 1 0
dev.khulnasoft.com/cmd/agent/container/ssh_server.go:78.2,79.16 2 0
dev.khulnasoft.com/cmd/agent/container/ssh_server.go:79.16,81.3 1 0
dev.khulnasoft.com/cmd/agent/container/ssh_server.go:83.2,83.76 1 0
dev.khulnasoft.com/cmd/agent/container/vscode_async.go:24.41,41.2 9 0
dev.khulnasoft.com/cmd/agent/container/vscode_async.go:43.80,44.31 1 0
dev.khulnasoft.com/cmd/agent/container/vscode_async.go:44.31,46.3 1 0
dev.khulnasoft.com/cmd/agent/container/vscode_async.go:48.2,48.35 1 0
dev.khulnasoft.com/cmd/agent/container/vscode_async.go:52.68,55.16 3 0
dev.khulnasoft.com/cmd/agent/container/vscode_async.go:55.16,57.3 1 0
dev.khulnasoft.com/cmd/agent/container/vscode_async.go:59.2,61.16 3 0
dev.khulnasoft.com/cmd/agent/container/vscode_async.go:61.16,63.3 1 0
dev.khulnasoft.com/cmd/agent/container/vscode_async.go:66.2,67.16 2 0
dev.khulnasoft.com/cmd/agent/container/vscode_async.go:67.16,69.3 1 0
dev.khulnasoft.com/cmd/agent/container/vscode_async.go:71.2,71.12 1 0
dev.khulnasoft.com/cmd/agent/container/vscode_async.go:74.98,78.2 3 0
dev.khulnasoft.com/cmd/agent/workspace/build.go:23.59,31.50 2 0
dev.khulnasoft.com/cmd/agent/workspace/build.go:31.50,33.4 1 0
dev.khulnasoft.com/cmd/agent/workspace/build.go:35.2,37.17 3 0
dev.khulnasoft.com/cmd/agent/workspace/build.go:41.53,43.164 1 0
dev.khulnasoft.com/cmd/agent/workspace/build.go:43.164,45.3 1 0
dev.khulnasoft.com/cmd/agent/workspace/build.go:46.2,46.16 1 0
dev.khulnasoft.com/cmd/agent/workspace/build.go:46.16,48.3 1 0
dev.khulnasoft.com/cmd/agent/workspace/build.go:48.8,48.23 1 0
dev.khulnasoft.com/cmd/agent/workspace/build.go:48.23,50.3 1 0
dev.khulnasoft.com/cmd/agent/workspace/build.go:53.2,60.16 6 0
dev.khulnasoft.com/cmd/agent/workspace/build.go:60.16,62.3 1 0
dev.khulnasoft.com/cmd/agent/workspace/build.go:62.8,62.33 1 0
dev.khulnasoft.com/cmd/agent/workspace/build.go:62.33,63.16 1 0
dev.khulnasoft.com/cmd/agent/workspace/build.go:63.16,65.4 1 0
dev.khulnasoft.com/cmd/agent/workspace/build.go:68.2,69.16 2 0
dev.khulnasoft.com/cmd/agent/workspace/build.go:69.16,71.3 1 0
dev.khulnasoft.com/cmd/agent/workspace/build.go:75.2,76.25 2 0
dev.khulnasoft.com/cmd/agent/workspace/build.go:76.25,78.3 1 0
dev.khulnasoft.com/cmd/agent/workspace/build.go:81.2,81.37 1 0
dev.khulnasoft.com/cmd/agent/workspace/build.go:81.37,89.17 2 0
dev.khulnasoft.com/cmd/agent/workspace/build.go:89.17,92.4 2 0
dev.khulnasoft.com/cmd/agent/workspace/build.go:94.3,94.40 1 0
dev.khulnasoft.com/cmd/agent/workspace/build.go:94.40,96.4 1 0
dev.khulnasoft.com/cmd/agent/workspace/build.go:96.9,98.4 1 0
dev.khulnasoft.com/cmd/agent/workspace/build.go:101.2,101.12 1 0
dev.khulnasoft.com/cmd/agent/workspace/build.go:104.110,106.16 2 0
dev.khulnasoft.com/cmd/agent/workspace/build.go:106.16,108.3 1 0
dev.khulnasoft.com/cmd/agent/workspace/build.go:110.2,111.12 2 0
dev.khulnasoft.com/cmd/agent/workspace/delete.go:28.60,36.50 2 0
dev.khulnasoft.com/cmd/agent/workspace/delete.go:36.50,38.4 1 0
dev.khulnasoft.com/cmd/agent/workspace/delete.go:40.2,45.18 5 0
dev.khulnasoft.com/cmd/agent/workspace/delete.go:48.54,51.16 2 0
dev.khulnasoft.com/cmd/agent/workspace/delete.go:51.16,53.3 1 0
dev.khulnasoft.com/cmd/agent/workspace/delete.go:53.8,53.23 1 0
dev.khulnasoft.com/cmd/agent/workspace/delete.go:53.23,55.3 1 0
dev.khulnasoft.com/cmd/agent/workspace/delete.go:58.2,58.16 1 0
dev.khulnasoft.com/cmd/agent/workspace/delete.go:58.16,60.17 2 0
dev.khulnasoft.com/cmd/agent/workspace/delete.go:60.17,62.4 1 0
dev.khulnasoft.com/cmd/agent/workspace/delete.go:66.2,66.19 1 0
dev.khulnasoft.com/cmd/agent/workspace/delete.go:66.19,68.17 2 0
dev.khulnasoft.com/cmd/agent/workspace/delete.go:68.17,70.4 1 0
dev.khulnasoft.com/cmd/agent/workspace/delete.go:74.2,75.12 2 0
dev.khulnasoft.com/cmd/agent/workspace/delete.go:78.110,81.16 3 0
dev.khulnasoft.com/cmd/agent/workspace/delete.go:81.16,83.3 1 0
dev.khulnasoft.com/cmd/agent/workspace/delete.go:85.2,85.52 1 0
dev.khulnasoft.com/cmd/agent/workspace/delete.go:85.52,87.3 1 0
dev.khulnasoft.com/cmd/agent/workspace/delete.go:87.8,89.17 2 0
dev.khulnasoft.com/cmd/agent/workspace/delete.go:89.17,91.4 1 0
dev.khulnasoft.com/cmd/agent/workspace/delete.go:92.3,92.68 1 0
dev.khulnasoft.com/cmd/agent/workspace/delete.go:95.2,95.12 1 0
dev.khulnasoft.com/cmd/agent/workspace/delete.go:98.86,99.49 1 0
dev.khulnasoft.com/cmd/agent/workspace/delete.go:99.49,101.3 1 0
dev.khulnasoft.com/cmd/agent/workspace/delete.go:103.2,105.16 3 0
dev.khulnasoft.com/cmd/agent/workspace/delete.go:105.16,107.3 1 0
dev.khulnasoft.com/cmd/agent/workspace/delete.go:108.2,110.12 2 0
dev.khulnasoft.com/cmd/agent/workspace/install_dotfiles.go:28.69,36.50 2 0
dev.khulnasoft.com/cmd/agent/workspace/install_dotfiles.go:36.50,38.4 1 0
dev.khulnasoft.com/cmd/agent/workspace/install_dotfiles.go:40.2,43.27 4 0
dev.khulnasoft.com/cmd/agent/workspace/install_dotfiles.go:47.63,52.16 4 0
dev.khulnasoft.com/cmd/agent/workspace/install_dotfiles.go:52.16,56.109 3 0
dev.khulnasoft.com/cmd/agent/workspace/install_dotfiles.go:56.109,58.4 1 0
dev.khulnasoft.com/cmd/agent/workspace/install_dotfiles.go:59.8,61.3 1 0
dev.khulnasoft.com/cmd/agent/workspace/install_dotfiles.go:63.2,66.16 3 0
dev.khulnasoft.com/cmd/agent/workspace/install_dotfiles.go:66.16,68.3 1 0
dev.khulnasoft.com/cmd/agent/workspace/install_dotfiles.go:70.2,70.29 1 0
dev.khulnasoft.com/cmd/agent/workspace/install_dotfiles.go:70.29,75.17 4 0
dev.khulnasoft.com/cmd/agent/workspace/install_dotfiles.go:75.17,77.4 1 0
dev.khulnasoft.com/cmd/agent/workspace/install_dotfiles.go:79.3,84.25 5 0
dev.khulnasoft.com/cmd/agent/workspace/install_dotfiles.go:87.2,89.30 2 0
dev.khulnasoft.com/cmd/agent/workspace/install_dotfiles.go:103.45,104.42 1 0
dev.khulnasoft.com/cmd/agent/workspace/install_dotfiles.go:104.42,109.17 4 0
dev.khulnasoft.com/cmd/agent/workspace/install_dotfiles.go:109.17,112.12 3 0
dev.khulnasoft.com/cmd/agent/workspace/install_dotfiles.go:115.3,119.17 5 0
dev.khulnasoft.com/cmd/agent/workspace/install_dotfiles.go:119.17,123.12 3 0
dev.khulnasoft.com/cmd/agent/workspace/install_dotfiles.go:127.3,127.13 1 0
dev.khulnasoft.com/cmd/agent/workspace/install_dotfiles.go:130.2,133.16 3 0
dev.khulnasoft.com/cmd/agent/workspace/install_dotfiles.go:133.16,135.3 1 0
dev.khulnasoft.com/cmd/agent/workspace/install_dotfiles.go:137.2,138.16 2 0
dev.khulnasoft.com/cmd/agent/workspace/install_dotfiles.go:138.16,140.3 1 0
dev.khulnasoft.com/cmd/agent/workspace/install_dotfiles.go:143.2,143.29 1 0
dev.khulnasoft.com/cmd/agent/workspace/install_dotfiles.go:143.29,144.59 1 0
dev.khulnasoft.com/cmd/agent/workspace/install_dotfiles.go:144.59,148.85 2 0
dev.khulnasoft.com/cmd/agent/workspace/install_dotfiles.go:148.85,150.5 1 0
dev.khulnasoft.com/cmd/agent/workspace/install_dotfiles.go:151.4,152.18 2 0
dev.khulnasoft.com/cmd/agent/workspace/install_dotfiles.go:152.18,154.5 1 0
dev.khulnasoft.com/cmd/agent/workspace/install_dotfiles.go:158.2,158.12 1 0
dev.khulnasoft.com/cmd/agent/workspace/install_dotfiles.go:161.42,164.16 3 0
dev.khulnasoft.com/cmd/agent/workspace/install_dotfiles.go:164.16,166.3 1 0
dev.khulnasoft.com/cmd/agent/workspace/install_dotfiles.go:168.2,170.16 3 0
dev.khulnasoft.com/cmd/agent/workspace/install_dotfiles.go:170.16,172.3 1 0
dev.khulnasoft.com/cmd/agent/workspace/install_dotfiles.go:174.2,174.12 1 0
dev.khulnasoft.com/cmd/agent/workspace/logs.go:23.58,31.50 2 0
dev.khulnasoft.com/cmd/agent/workspace/logs.go:31.50,33.4 1 0
dev.khulnasoft.com/cmd/agent/workspace/logs.go:35.2,38.10 3 0
dev.khulnasoft.com/cmd/agent/workspace/logs.go:41.52,44.16 2 0
dev.khulnasoft.com/cmd/agent/workspace/logs.go:44.16,46.3 1 0
dev.khulnasoft.com/cmd/agent/workspace/logs.go:46.8,46.23 1 0
dev.khulnasoft.com/cmd/agent/workspace/logs.go:46.23,48.3 1 0
dev.khulnasoft.com/cmd/agent/workspace/logs.go:49.2,53.16 3 0
dev.khulnasoft.com/cmd/agent/workspace/logs.go:53.16,55.3 1 0
dev.khulnasoft.com/cmd/agent/workspace/logs.go:58.2,58.36 1 0
dev.khulnasoft.com/cmd/agent/workspace/logs_daemon.go:24.64,32.50 2 0
dev.khulnasoft.com/cmd/agent/workspace/logs_daemon.go:32.50,34.4 1 0
dev.khulnasoft.com/cmd/agent/workspace/logs_daemon.go:36.2,38.22 3 0
dev.khulnasoft.com/cmd/agent/workspace/logs_daemon.go:41.58,44.16 2 0
dev.khulnasoft.com/cmd/agent/workspace/logs_daemon.go:44.16,46.3 1 0
dev.khulnasoft.com/cmd/agent/workspace/logs_daemon.go:46.8,46.23 1 0
dev.khulnasoft.com/cmd/agent/workspace/logs_daemon.go:46.23,48.3 1 0
dev.khulnasoft.com/cmd/agent/workspace/logs_daemon.go:50.2,51.16 2 0
dev.khulnasoft.com/cmd/agent/workspace/logs_daemon.go:51.16,53.3 1 0
dev.khulnasoft.com/cmd/agent/workspace/logs_daemon.go:55.2,56.16 2 0
dev.khulnasoft.com/cmd/agent/workspace/logs_daemon.go:56.16,58.3 1 0
dev.khulnasoft.com/cmd/agent/workspace/logs_daemon.go:59.2,62.12 3 0
dev.khulnasoft.com/cmd/agent/workspace/setup_gpg.go:26.62,34.57 2 0
dev.khulnasoft.com/cmd/agent/workspace/setup_gpg.go:34.57,36.4 1 0
dev.khulnasoft.com/cmd/agent/workspace/setup_gpg.go:38.2,41.20 4 0
dev.khulnasoft.com/cmd/agent/workspace/setup_gpg.go:53.72,58.16 4 0
dev.khulnasoft.com/cmd/agent/workspace/setup_gpg.go:58.16,61.3 2 0
dev.khulnasoft.com/cmd/agent/workspace/setup_gpg.go:63.2,65.16 3 0
dev.khulnasoft.com/cmd/agent/workspace/setup_gpg.go:65.16,67.3 1 0
dev.khulnasoft.com/cmd/agent/workspace/setup_gpg.go:69.2,71.16 3 0
dev.khulnasoft.com/cmd/agent/workspace/setup_gpg.go:71.16,73.3 1 0
dev.khulnasoft.com/cmd/agent/workspace/setup_gpg.go:75.2,84.16 4 0
dev.khulnasoft.com/cmd/agent/workspace/setup_gpg.go:84.16,87.3 2 0
dev.khulnasoft.com/cmd/agent/workspace/setup_gpg.go:89.2,91.16 3 0
dev.khulnasoft.com/cmd/agent/workspace/setup_gpg.go:91.16,94.3 2 0
dev.khulnasoft.com/cmd/agent/workspace/setup_gpg.go:96.2,98.16 3 0
dev.khulnasoft.com/cmd/agent/workspace/setup_gpg.go:98.16,101.3 2 0
dev.khulnasoft.com/cmd/agent/workspace/setup_gpg.go:103.2,105.16 3 0
dev.khulnasoft.com/cmd/agent/workspace/setup_gpg.go:105.16,108.3 2 0
dev.khulnasoft.com/cmd/agent/workspace/setup_gpg.go:112.2,114.16 3 0
dev.khulnasoft.com/cmd/agent/workspace/setup_gpg.go:114.16,117.3 2 0
dev.khulnasoft.com/cmd/agent/workspace/setup_gpg.go:119.2,121.16 3 0
dev.khulnasoft.com/cmd/agent/workspace/setup_gpg.go:121.16,124.3 2 0
dev.khulnasoft.com/cmd/agent/workspace/setup_gpg.go:126.2,128.16 3 0
dev.khulnasoft.com/cmd/agent/workspace/setup_gpg.go:128.16,131.3 2 0
dev.khulnasoft.com/cmd/agent/workspace/setup_gpg.go:133.2,133.26 1 0
dev.khulnasoft.com/cmd/agent/workspace/setup_gpg.go:133.26,136.17 3 0
dev.khulnasoft.com/cmd/agent/workspace/setup_gpg.go:136.17,139.4 2 0
dev.khulnasoft.com/cmd/agent/workspace/setup_gpg.go:142.2,142.12 1 0
dev.khulnasoft.com/cmd/agent/workspace/setup_gpg.go:145.52,147.16 2 0
dev.khulnasoft.com/cmd/agent/workspace/setup_gpg.go:147.16,149.3 1 0
dev.khulnasoft.com/cmd/agent/workspace/setup_gpg.go:151.2,152.16 2 0
dev.khulnasoft.com/cmd/agent/workspace/setup_gpg.go:152.16,154.3 1 0
dev.khulnasoft.com/cmd/agent/workspace/setup_gpg.go:156.2,156.25 1 0
dev.khulnasoft.com/cmd/agent/workspace/status.go:23.60,31.50 2 0
dev.khulnasoft.com/cmd/agent/workspace/status.go:31.50,33.4 1 0
dev.khulnasoft.com/cmd/agent/workspace/status.go:35.2,37.18 3 0
dev.khulnasoft.com/cmd/agent/workspace/status.go:40.70,43.16 2 0
dev.khulnasoft.com/cmd/agent/workspace/status.go:43.16,45.3 1 0
dev.khulnasoft.com/cmd/agent/workspace/status.go:45.8,45.23 1 0
dev.khulnasoft.com/cmd/agent/workspace/status.go:45.23,47.3 1 0
dev.khulnasoft.com/cmd/agent/workspace/status.go:50.2,51.16 2 0
dev.khulnasoft.com/cmd/agent/workspace/status.go:51.16,53.3 1 0
dev.khulnasoft.com/cmd/agent/workspace/status.go:56.2,57.16 2 0
dev.khulnasoft.com/cmd/agent/workspace/status.go:57.16,59.3 1 0
dev.khulnasoft.com/cmd/agent/workspace/status.go:59.8,59.36 1 0
dev.khulnasoft.com/cmd/agent/workspace/status.go:59.36,62.3 2 0
dev.khulnasoft.com/cmd/agent/workspace/status.go:65.2,65.65 1 0
dev.khulnasoft.com/cmd/agent/workspace/status.go:65.65,68.3 2 0
dev.khulnasoft.com/cmd/agent/workspace/status.go:68.8,68.71 1 0
dev.khulnasoft.com/cmd/agent/workspace/status.go:68.71,71.3 2 0
dev.khulnasoft.com/cmd/agent/workspace/status.go:73.2,74.12 2 0
dev.khulnasoft.com/cmd/agent/workspace/stop.go:23.58,31.50 2 0
dev.khulnasoft.com/cmd/agent/workspace/stop.go:31.50,33.4 1 0
dev.khulnasoft.com/cmd/agent/workspace/stop.go:35.2,37.16 3 0
dev.khulnasoft.com/cmd/agent/workspace/stop.go:40.52,43.16 2 0
dev.khulnasoft.com/cmd/agent/workspace/stop.go:43.16,45.3 1 0
dev.khulnasoft.com/cmd/agent/workspace/stop.go:45.8,45.23 1 0
dev.khulnasoft.com/cmd/agent/workspace/stop.go:45.23,47.3 1 0
dev.khulnasoft.com/cmd/agent/workspace/stop.go:50.2,51.16 2 0
dev.khulnasoft.com/cmd/agent/workspace/stop.go:51.16,53.3 1 0
dev.khulnasoft.com/cmd/agent/workspace/stop.go:55.2,55.12 1 0
dev.khulnasoft.com/cmd/agent/workspace/stop.go:58.108,61.16 3 0
dev.khulnasoft.com/cmd/agent/workspace/stop.go:61.16,63.3 1 0
dev.khulnasoft.com/cmd/agent/workspace/stop.go:65.2,66.16 2 0
dev.khulnasoft.com/cmd/agent/workspace/stop.go:66.16,68.3 1 0
dev.khulnasoft.com/cmd/agent/workspace/stop.go:69.2,71.12 2 0
dev.khulnasoft.com/cmd/agent/workspace/up.go:43.56,51.50 2 0
dev.khulnasoft.com/cmd/agent/workspace/up.go:51.50,53.4 1 0
dev.khulnasoft.com/cmd/agent/workspace/up.go:55.2,57.14 3 0
dev.khulnasoft.com/cmd/agent/workspace/up.go:61.50,63.164 1 0
dev.khulnasoft.com/cmd/agent/workspace/up.go:63.164,65.3 1 0
dev.khulnasoft.com/cmd/agent/workspace/up.go:66.2,66.16 1 0
dev.khulnasoft.com/cmd/agent/workspace/up.go:66.16,68.3 1 0
dev.khulnasoft.com/cmd/agent/workspace/up.go:68.8,68.23 1 0
dev.khulnasoft.com/cmd/agent/workspace/up.go:68.23,70.3 1 0
dev.khulnasoft.com/cmd/agent/workspace/up.go:73.2,73.48 1 0
dev.khulnasoft.com/cmd/agent/workspace/up.go:73.48,76.3 2 0
dev.khulnasoft.com/cmd/agent/workspace/up.go:79.2,83.16 4 0
dev.khulnasoft.com/cmd/agent/workspace/up.go:83.16,85.18 2 0
dev.khulnasoft.com/cmd/agent/workspace/up.go:85.18,87.4 1 0
dev.khulnasoft.com/cmd/agent/workspace/up.go:88.3,88.13 1 0
dev.khulnasoft.com/cmd/agent/workspace/up.go:89.8,89.33 1 0
dev.khulnasoft.com/cmd/agent/workspace/up.go:89.33,90.16 1 0
dev.khulnasoft.com/cmd/agent/workspace/up.go:90.16,92.4 1 0
dev.khulnasoft.com/cmd/agent/workspace/up.go:96.2,97.16 2 0
dev.khulnasoft.com/cmd/agent/workspace/up.go:97.16,99.3 1 0
dev.khulnasoft.com/cmd/agent/workspace/up.go:101.2,101.12 1 0
dev.khulnasoft.com/cmd/agent/workspace/up.go:104.147,107.16 2 0
dev.khulnasoft.com/cmd/agent/workspace/up.go:107.16,109.3 1 0
dev.khulnasoft.com/cmd/agent/workspace/up.go:112.2,113.16 2 0
dev.khulnasoft.com/cmd/agent/workspace/up.go:113.16,115.3 1 0
dev.khulnasoft.com/cmd/agent/workspace/up.go:116.2,117.16 2 0
dev.khulnasoft.com/cmd/agent/workspace/up.go:117.16,119.3 1 0
dev.khulnasoft.com/cmd/agent/workspace/up.go:121.2,121.12 1 0
dev.khulnasoft.com/cmd/agent/workspace/up.go:124.137,126.16 2 0
dev.khulnasoft.com/cmd/agent/workspace/up.go:126.16,128.3 1 0
dev.khulnasoft.com/cmd/agent/workspace/up.go:131.2,135.16 2 0
dev.khulnasoft.com/cmd/agent/workspace/up.go:135.16,137.3 1 0
dev.khulnasoft.com/cmd/agent/workspace/up.go:139.2,139.20 1 0
dev.khulnasoft.com/cmd/agent/workspace/up.go:142.109,144.2 1 0
dev.khulnasoft.com/cmd/agent/workspace/up.go:146.99,149.16 2 0
dev.khulnasoft.com/cmd/agent/workspace/up.go:149.16,152.3 2 0
dev.khulnasoft.com/cmd/agent/workspace/up.go:155.2,157.16 3 0
dev.khulnasoft.com/cmd/agent/workspace/up.go:157.16,159.3 1 0
dev.khulnasoft.com/cmd/agent/workspace/up.go:162.2,163.16 2 0
dev.khulnasoft.com/cmd/agent/workspace/up.go:163.16,166.3 2 0
dev.khulnasoft.com/cmd/agent/workspace/up.go:169.2,170.16 2 0
dev.khulnasoft.com/cmd/agent/workspace/up.go:170.16,173.3 2 0
dev.khulnasoft.com/cmd/agent/workspace/up.go:176.2,176.49 1 0
dev.khulnasoft.com/cmd/agent/workspace/up.go:176.49,179.17 2 0
dev.khulnasoft.com/cmd/agent/workspace/up.go:179.17,181.4 1 0
dev.khulnasoft.com/cmd/agent/workspace/up.go:183.3,183.19 1 0
dev.khulnasoft.com/cmd/agent/workspace/up.go:186.2,186.19 1 0
dev.khulnasoft.com/cmd/agent/workspace/up.go:189.195,192.16 2 0
dev.khulnasoft.com/cmd/agent/workspace/up.go:192.16,194.3 1 0
dev.khulnasoft.com/cmd/agent/workspace/up.go:197.2,202.16 4 0
dev.khulnasoft.com/cmd/agent/workspace/up.go:202.16,204.3 1 0
dev.khulnasoft.com/cmd/agent/workspace/up.go:207.2,208.16 2 0
dev.khulnasoft.com/cmd/agent/workspace/up.go:208.16,210.3 1 0
dev.khulnasoft.com/cmd/agent/workspace/up.go:213.2,214.12 2 0
dev.khulnasoft.com/cmd/agent/workspace/up.go:214.12,215.93 1 0
dev.khulnasoft.com/cmd/agent/workspace/up.go:215.93,217.4 1 0
dev.khulnasoft.com/cmd/agent/workspace/up.go:217.9,219.4 1 0
dev.khulnasoft.com/cmd/agent/workspace/up.go:223.2,224.16 2 0
dev.khulnasoft.com/cmd/agent/workspace/up.go:224.16,226.3 1 0
dev.khulnasoft.com/cmd/agent/workspace/up.go:229.2,229.25 1 0
dev.khulnasoft.com/cmd/agent/workspace/up.go:229.25,231.17 2 0
dev.khulnasoft.com/cmd/agent/workspace/up.go:231.17,233.4 1 0
dev.khulnasoft.com/cmd/agent/workspace/up.go:237.2,238.16 2 0
dev.khulnasoft.com/cmd/agent/workspace/up.go:238.16,240.3 1 0
dev.khulnasoft.com/cmd/agent/workspace/up.go:243.2,244.66 2 0
dev.khulnasoft.com/cmd/agent/workspace/up.go:244.66,246.3 1 0
dev.khulnasoft.com/cmd/agent/workspace/up.go:246.8,249.3 2 0
dev.khulnasoft.com/cmd/agent/workspace/up.go:252.2,253.16 2 0
dev.khulnasoft.com/cmd/agent/workspace/up.go:253.16,256.3 2 0
dev.khulnasoft.com/cmd/agent/workspace/up.go:258.2,258.56 1 0
dev.khulnasoft.com/cmd/agent/workspace/up.go:261.154,264.99 1 0
dev.khulnasoft.com/cmd/agent/workspace/up.go:264.99,266.3 1 0
dev.khulnasoft.com/cmd/agent/workspace/up.go:269.2,270.16 2 0
dev.khulnasoft.com/cmd/agent/workspace/up.go:270.16,272.3 1 0
dev.khulnasoft.com/cmd/agent/workspace/up.go:272.8,272.57 1 0
dev.khulnasoft.com/cmd/agent/workspace/up.go:272.57,275.3 2 0
dev.khulnasoft.com/cmd/agent/workspace/up.go:278.2,278.56 1 0
dev.khulnasoft.com/cmd/agent/workspace/up.go:278.56,279.37 1 0
dev.khulnasoft.com/cmd/agent/workspace/up.go:279.37,282.18 3 0
dev.khulnasoft.com/cmd/agent/workspace/up.go:282.18,284.5 1 0
dev.khulnasoft.com/cmd/agent/workspace/up.go:287.3,287.85 1 0
dev.khulnasoft.com/cmd/agent/workspace/up.go:287.85,290.4 2 0
dev.khulnasoft.com/cmd/agent/workspace/up.go:292.3,292.49 1 0
dev.khulnasoft.com/cmd/agent/workspace/up.go:292.49,295.4 2 0
dev.khulnasoft.com/cmd/agent/workspace/up.go:297.3,305.4 1 0
dev.khulnasoft.com/cmd/agent/workspace/up.go:308.2,308.54 1 0
dev.khulnasoft.com/cmd/agent/workspace/up.go:308.54,310.80 1 0
dev.khulnasoft.com/cmd/agent/workspace/up.go:310.80,313.4 2 0
dev.khulnasoft.com/cmd/agent/workspace/up.go:315.3,316.76 2 0
dev.khulnasoft.com/cmd/agent/workspace/up.go:319.2,319.48 1 0
dev.khulnasoft.com/cmd/agent/workspace/up.go:319.48,322.3 2 0
dev.khulnasoft.com/cmd/agent/workspace/up.go:324.2,324.52 1 0
dev.khulnasoft.com/cmd/agent/workspace/up.go:324.52,327.3 2 0
dev.khulnasoft.com/cmd/agent/workspace/up.go:329.2,329.96 1 0
dev.khulnasoft.com/cmd/agent/workspace/up.go:332.84,335.24 3 0
dev.khulnasoft.com/cmd/agent/workspace/up.go:335.24,337.17 2 0
dev.khulnasoft.com/cmd/agent/workspace/up.go:337.17,339.4 1 0
dev.khulnasoft.com/cmd/agent/workspace/up.go:341.3,342.17 2 0
dev.khulnasoft.com/cmd/agent/workspace/up.go:342.17,344.4 1 0
dev.khulnasoft.com/cmd/agent/workspace/up.go:346.3,347.17 2 0
dev.khulnasoft.com/cmd/agent/workspace/up.go:347.17,349.4 1 0
dev.khulnasoft.com/cmd/agent/workspace/up.go:350.8,350.23 1 0
dev.khulnasoft.com/cmd/agent/workspace/up.go:350.23,352.3 1 0
dev.khulnasoft.com/cmd/agent/workspace/up.go:354.2,354.12 1 0
dev.khulnasoft.com/cmd/agent/workspace/up.go:357.188,358.113 1 0
dev.khulnasoft.com/cmd/agent/workspace/up.go:358.113,360.3 1 0
dev.khulnasoft.com/cmd/agent/workspace/up.go:362.2,363.16 2 0
dev.khulnasoft.com/cmd/agent/workspace/up.go:363.16,365.3 1 0
dev.khulnasoft.com/cmd/agent/workspace/up.go:367.2,368.16 2 0
dev.khulnasoft.com/cmd/agent/workspace/up.go:368.16,370.3 1 0
dev.khulnasoft.com/cmd/agent/workspace/up.go:372.2,372.32 1 0
dev.khulnasoft.com/cmd/agent/workspace/up.go:372.32,374.3 1 0
dev.khulnasoft.com/cmd/agent/workspace/up.go:376.2,377.59 2 0
dev.khulnasoft.com/cmd/agent/workspace/up.go:377.59,379.17 2 0
dev.khulnasoft.com/cmd/agent/workspace/up.go:379.17,381.4 1 0
dev.khulnasoft.com/cmd/agent/workspace/up.go:384.2,385.56 2 0
dev.khulnasoft.com/cmd/agent/workspace/up.go:385.56,388.3 2 0
dev.khulnasoft.com/cmd/agent/workspace/up.go:390.2,390.47 1 0
dev.khulnasoft.com/cmd/agent/workspace/up.go:393.87,394.49 1 0
dev.khulnasoft.com/cmd/agent/workspace/up.go:394.49,396.3 1 0
dev.khulnasoft.com/cmd/agent/workspace/up.go:398.2,400.16 3 0
dev.khulnasoft.com/cmd/agent/workspace/up.go:400.16,402.3 1 0
dev.khulnasoft.com/cmd/agent/workspace/up.go:404.2,404.12 1 0
dev.khulnasoft.com/cmd/agent/workspace/up.go:407.118,410.16 3 0
dev.khulnasoft.com/cmd/agent/workspace/up.go:410.16,412.3 1 0
dev.khulnasoft.com/cmd/agent/workspace/up.go:414.2,415.16 2 0
dev.khulnasoft.com/cmd/agent/workspace/up.go:415.16,417.3 1 0
dev.khulnasoft.com/cmd/agent/workspace/up.go:419.2,419.12 1 0
dev.khulnasoft.com/cmd/agent/workspace/up.go:422.53,427.16 2 0
dev.khulnasoft.com/cmd/agent/workspace/up.go:427.16,429.3 1 0
dev.khulnasoft.com/cmd/agent/workspace/up.go:431.2,431.12 1 0
dev.khulnasoft.com/cmd/agent/workspace/up.go:434.48,435.31 1 0
dev.khulnasoft.com/cmd/agent/workspace/up.go:435.31,445.3 7 0
dev.khulnasoft.com/cmd/agent/workspace/up.go:446.2,446.12 1 0
dev.khulnasoft.com/cmd/agent/workspace/up.go:449.77,459.16 4 0
dev.khulnasoft.com/cmd/agent/workspace/up.go:459.16,461.3 1 0
dev.khulnasoft.com/cmd/agent/workspace/up.go:462.2,462.98 1 0
dev.khulnasoft.com/cmd/agent/workspace/up.go:462.98,464.3 1 0
dev.khulnasoft.com/cmd/agent/workspace/up.go:466.2,466.16 1 0
dev.khulnasoft.com/cmd/agent/workspace/up.go:466.16,467.84 1 0
dev.khulnasoft.com/cmd/agent/workspace/up.go:467.84,469.4 1 0
dev.khulnasoft.com/cmd/agent/workspace/up.go:472.2,472.67 1 0
dev.khulnasoft.com/cmd/agent/workspace/update_config.go:20.66,28.50 2 0
dev.khulnasoft.com/cmd/agent/workspace/update_config.go:28.50,30.4 1 0
dev.khulnasoft.com/cmd/agent/workspace/update_config.go:32.2,34.24 3 0
dev.khulnasoft.com/cmd/agent/workspace/update_config.go:37.60,40.16 2 0
dev.khulnasoft.com/cmd/agent/workspace/update_config.go:40.16,42.3 1 0
dev.khulnasoft.com/cmd/agent/workspace/update_config.go:42.8,42.23 1 0
dev.khulnasoft.com/cmd/agent/workspace/update_config.go:42.23,44.3 1 0
dev.khulnasoft.com/cmd/agent/workspace/update_config.go:46.2,46.12 1 0
dev.khulnasoft.com/cmd/agent/workspace/workspace.go:9.63,26.2 12 0
dev.khulnasoft.com/cmd/context/context.go:9.61,22.2 8 0
dev.khulnasoft.com/cmd/context/create.go:23.60,30.53 2 0
dev.khulnasoft.com/cmd/context/create.go:30.53,31.22 1 0
dev.khulnasoft.com/cmd/context/create.go:31.22,33.5 1 0
dev.khulnasoft.com/cmd/context/create.go:35.4,35.49 1 0
dev.khulnasoft.com/cmd/context/create.go:39.2,40.18 2 0
dev.khulnasoft.com/cmd/context/create.go:44.70,46.16 2 0
dev.khulnasoft.com/cmd/context/create.go:46.16,48.3 1 0
dev.khulnasoft.com/cmd/context/create.go:48.8,48.52 1 0
dev.khulnasoft.com/cmd/context/create.go:48.52,50.3 1 0
dev.khulnasoft.com/cmd/context/create.go:53.2,53.54 1 0
dev.khulnasoft.com/cmd/context/create.go:53.54,55.3 1 0
dev.khulnasoft.com/cmd/context/create.go:55.8,55.30 1 0
dev.khulnasoft.com/cmd/context/create.go:55.30,57.3 1 0
dev.khulnasoft.com/cmd/context/create.go:58.2,61.26 2 0
dev.khulnasoft.com/cmd/context/create.go:61.26,63.17 2 0
dev.khulnasoft.com/cmd/context/create.go:63.17,65.4 1 0
dev.khulnasoft.com/cmd/context/create.go:68.2,70.16 3 0
dev.khulnasoft.com/cmd/context/create.go:70.16,72.3 1 0
dev.khulnasoft.com/cmd/context/create.go:74.2,74.12 1 0
dev.khulnasoft.com/cmd/context/create.go:77.88,79.16 2 0
dev.khulnasoft.com/cmd/context/create.go:79.16,81.3 1 0
dev.khulnasoft.com/cmd/context/create.go:81.8,81.52 1 0
dev.khulnasoft.com/cmd/context/create.go:81.52,83.3 1 0
dev.khulnasoft.com/cmd/context/create.go:85.2,86.53 2 0
dev.khulnasoft.com/cmd/context/create.go:86.53,87.62 1 0
dev.khulnasoft.com/cmd/context/create.go:87.62,89.4 1 0
dev.khulnasoft.com/cmd/context/create.go:91.2,91.33 1 0
dev.khulnasoft.com/cmd/context/create.go:91.33,93.3 1 0
dev.khulnasoft.com/cmd/context/create.go:95.2,96.12 2 0
dev.khulnasoft.com/cmd/context/create.go:99.76,102.47 3 0
dev.khulnasoft.com/cmd/context/create.go:102.47,105.3 2 0
dev.khulnasoft.com/cmd/context/create.go:107.2,108.33 2 0
dev.khulnasoft.com/cmd/context/create.go:108.33,110.25 2 0
dev.khulnasoft.com/cmd/context/create.go:110.25,112.4 1 0
dev.khulnasoft.com/cmd/context/create.go:114.3,117.10 4 0
dev.khulnasoft.com/cmd/context/create.go:117.10,119.4 1 0
dev.khulnasoft.com/cmd/context/create.go:121.3,121.34 1 0
dev.khulnasoft.com/cmd/context/create.go:121.34,123.41 2 0
dev.khulnasoft.com/cmd/context/create.go:123.41,124.19 1 0
dev.khulnasoft.com/cmd/context/create.go:124.19,126.11 2 0
dev.khulnasoft.com/cmd/context/create.go:129.4,129.14 1 0
dev.khulnasoft.com/cmd/context/create.go:129.14,131.5 1 0
dev.khulnasoft.com/cmd/context/create.go:134.3,137.4 1 0
dev.khulnasoft.com/cmd/context/create.go:140.2,140.20 1 0
dev.khulnasoft.com/cmd/context/delete.go:19.60,26.53 2 0
dev.khulnasoft.com/cmd/context/delete.go:26.53,27.21 1 0
dev.khulnasoft.com/cmd/context/delete.go:27.21,29.5 1 0
dev.khulnasoft.com/cmd/context/delete.go:31.4,32.22 2 0
dev.khulnasoft.com/cmd/context/delete.go:32.22,34.5 1 0
dev.khulnasoft.com/cmd/context/delete.go:36.4,36.57 1 0
dev.khulnasoft.com/cmd/context/delete.go:40.2,40.18 1 0
dev.khulnasoft.com/cmd/context/delete.go:44.70,46.16 2 0
dev.khulnasoft.com/cmd/context/delete.go:46.16,48.3 1 0
dev.khulnasoft.com/cmd/context/delete.go:51.2,51.19 1 0
dev.khulnasoft.com/cmd/context/delete.go:51.19,53.3 1 0
dev.khulnasoft.com/cmd/context/delete.go:53.8,53.52 1 0
dev.khulnasoft.com/cmd/context/delete.go:53.52,55.3 1 0
dev.khulnasoft.com/cmd/context/delete.go:58.2,58.26 1 0
dev.khulnasoft.com/cmd/context/delete.go:58.26,60.3 1 0
dev.khulnasoft.com/cmd/context/delete.go:62.2,63.46 2 0
dev.khulnasoft.com/cmd/context/delete.go:63.46,65.3 1 0
dev.khulnasoft.com/cmd/context/delete.go:66.2,66.47 1 0
dev.khulnasoft.com/cmd/context/delete.go:66.47,68.3 1 0
dev.khulnasoft.com/cmd/context/delete.go:70.2,71.16 2 0
dev.khulnasoft.com/cmd/context/delete.go:71.16,73.3 1 0
dev.khulnasoft.com/cmd/context/delete.go:75.2,75.12 1 0
dev.khulnasoft.com/cmd/context/list.go:25.58,33.53 2 0
dev.khulnasoft.com/cmd/context/list.go:33.53,35.4 1 0
dev.khulnasoft.com/cmd/context/list.go:38.2,39.16 2 0
dev.khulnasoft.com/cmd/context/list.go:49.52,51.16 2 0
dev.khulnasoft.com/cmd/context/list.go:51.16,53.3 1 0
dev.khulnasoft.com/cmd/context/list.go:55.2,55.27 1 0
dev.khulnasoft.com/cmd/context/list.go:55.27,57.52 2 0
dev.khulnasoft.com/cmd/context/list.go:57.52,62.4 1 0
dev.khulnasoft.com/cmd/context/list.go:63.3,63.54 1 0
dev.khulnasoft.com/cmd/context/list.go:63.54,65.4 1 0
dev.khulnasoft.com/cmd/context/list.go:67.3,70.19 1 0
dev.khulnasoft.com/cmd/context/list.go:71.8,71.33 1 0
dev.khulnasoft.com/cmd/context/list.go:71.33,73.52 2 0
dev.khulnasoft.com/cmd/context/list.go:73.52,78.4 1 0
dev.khulnasoft.com/cmd/context/list.go:80.3,81.17 2 0
dev.khulnasoft.com/cmd/context/list.go:81.17,83.4 1 0
dev.khulnasoft.com/cmd/context/list.go:84.3,84.25 1 0
dev.khulnasoft.com/cmd/context/list.go:85.8,87.3 1 0
dev.khulnasoft.com/cmd/context/list.go:89.2,89.12 1 0
dev.khulnasoft.com/cmd/context/options.go:24.61,31.53 2 0
dev.khulnasoft.com/cmd/context/options.go:31.53,33.4 1 0
dev.khulnasoft.com/cmd/context/options.go:36.2,37.19 2 0
dev.khulnasoft.com/cmd/context/options.go:47.70,49.16 2 0
dev.khulnasoft.com/cmd/context/options.go:49.16,51.3 1 0
dev.khulnasoft.com/cmd/context/options.go:53.2,54.25 2 0
dev.khulnasoft.com/cmd/context/options.go:54.25,56.3 1 0
dev.khulnasoft.com/cmd/context/options.go:58.2,58.27 1 0
dev.khulnasoft.com/cmd/context/options.go:58.27,60.47 2 0
dev.khulnasoft.com/cmd/context/options.go:60.47,69.4 2 0
dev.khulnasoft.com/cmd/context/options.go:70.3,70.54 1 0
dev.khulnasoft.com/cmd/context/options.go:70.54,72.4 1 0
dev.khulnasoft.com/cmd/context/options.go:74.3,79.19 1 0
dev.khulnasoft.com/cmd/context/options.go:80.8,80.33 1 0
dev.khulnasoft.com/cmd/context/options.go:80.33,82.47 2 0
dev.khulnasoft.com/cmd/context/options.go:82.47,87.4 1 0
dev.khulnasoft.com/cmd/context/options.go:89.3,90.17 2 0
dev.khulnasoft.com/cmd/context/options.go:90.17,92.4 1 0
dev.khulnasoft.com/cmd/context/options.go:93.3,93.25 1 0
dev.khulnasoft.com/cmd/context/options.go:94.8,96.3 1 0
dev.khulnasoft.com/cmd/context/options.go:98.2,98.12 1 0
dev.khulnasoft.com/cmd/context/set_options.go:21.64,28.53 2 0
dev.khulnasoft.com/cmd/context/set_options.go:28.53,29.21 1 0
dev.khulnasoft.com/cmd/context/set_options.go:29.21,31.5 1 0
dev.khulnasoft.com/cmd/context/set_options.go:33.4,34.22 2 0
dev.khulnasoft.com/cmd/context/set_options.go:34.22,36.5 1 0
dev.khulnasoft.com/cmd/context/set_options.go:38.4,38.57 1 0
dev.khulnasoft.com/cmd/context/set_options.go:42.2,43.22 2 0
dev.khulnasoft.com/cmd/context/set_options.go:47.74,49.16 2 0
dev.khulnasoft.com/cmd/context/set_options.go:49.16,51.3 1 0
dev.khulnasoft.com/cmd/context/set_options.go:54.2,54.19 1 0
dev.khulnasoft.com/cmd/context/set_options.go:54.19,56.3 1 0
dev.khulnasoft.com/cmd/context/set_options.go:56.8,56.52 1 0
dev.khulnasoft.com/cmd/context/set_options.go:56.52,58.3 1 0
dev.khulnasoft.com/cmd/context/set_options.go:61.2,61.26 1 0
dev.khulnasoft.com/cmd/context/set_options.go:61.26,63.17 2 0
dev.khulnasoft.com/cmd/context/set_options.go:63.17,65.4 1 0
dev.khulnasoft.com/cmd/context/set_options.go:68.2,69.16 2 0
dev.khulnasoft.com/cmd/context/set_options.go:69.16,71.3 1 0
dev.khulnasoft.com/cmd/context/set_options.go:73.2,73.12 1 0
dev.khulnasoft.com/cmd/context/use.go:21.57,28.53 2 0
dev.khulnasoft.com/cmd/context/use.go:28.53,29.22 1 0
dev.khulnasoft.com/cmd/context/use.go:29.22,31.5 1 0
dev.khulnasoft.com/cmd/context/use.go:33.4,33.49 1 0
dev.khulnasoft.com/cmd/context/use.go:37.2,38.15 2 0
dev.khulnasoft.com/cmd/context/use.go:42.67,44.16 2 0
dev.khulnasoft.com/cmd/context/use.go:44.16,46.3 1 0
dev.khulnasoft.com/cmd/context/use.go:46.8,46.52 1 0
dev.khulnasoft.com/cmd/context/use.go:46.52,48.3 1 0
dev.khulnasoft.com/cmd/context/use.go:51.2,51.26 1 0
dev.khulnasoft.com/cmd/context/use.go:51.26,53.17 2 0
dev.khulnasoft.com/cmd/context/use.go:53.17,55.4 1 0
dev.khulnasoft.com/cmd/context/use.go:58.2,60.16 3 0
dev.khulnasoft.com/cmd/context/use.go:60.16,62.3 1 0
dev.khulnasoft.com/cmd/context/use.go:64.2,64.12 1 0
dev.khulnasoft.com/cmd/helper/http/http.go:9.58,18.2 3 0
dev.khulnasoft.com/cmd/helper/http/request.go:25.37,30.53 2 0
dev.khulnasoft.com/cmd/helper/http/request.go:30.53,32.4 1 0
dev.khulnasoft.com/cmd/helper/http/request.go:35.2,39.19 5 0
dev.khulnasoft.com/cmd/helper/http/request.go:42.70,43.20 1 0
dev.khulnasoft.com/cmd/helper/http/request.go:43.20,45.3 1 0
dev.khulnasoft.com/cmd/helper/http/request.go:47.2,49.37 3 0
dev.khulnasoft.com/cmd/helper/http/request.go:49.37,51.25 2 0
dev.khulnasoft.com/cmd/helper/http/request.go:51.25,53.4 1 0
dev.khulnasoft.com/cmd/helper/http/request.go:55.3,55.101 1 0
dev.khulnasoft.com/cmd/helper/http/request.go:58.2,59.16 2 0
dev.khulnasoft.com/cmd/helper/http/request.go:59.16,61.3 1 0
dev.khulnasoft.com/cmd/helper/http/request.go:62.2,65.16 3 0
dev.khulnasoft.com/cmd/helper/http/request.go:65.16,67.3 1 0
dev.khulnasoft.com/cmd/helper/http/request.go:68.2,70.28 2 0
dev.khulnasoft.com/cmd/helper/http/request.go:70.28,74.3 3 0
dev.khulnasoft.com/cmd/helper/http/request.go:76.2,77.16 2 0
dev.khulnasoft.com/cmd/helper/http/request.go:77.16,79.3 1 0
dev.khulnasoft.com/cmd/helper/http/request.go:81.2,81.12 1 0
dev.khulnasoft.com/cmd/flags/flags.go:22.55,39.2 14 0
dev.khulnasoft.com/cmd/helper/json/get.go:21.33,26.53 2 0
dev.khulnasoft.com/cmd/helper/json/get.go:26.53,28.4 1 0
dev.khulnasoft.com/cmd/helper/json/get.go:31.2,33.15 3 0
dev.khulnasoft.com/cmd/helper/json/get.go:36.66,37.20 1 0
dev.khulnasoft.com/cmd/helper/json/get.go:37.20,39.3 1 0
dev.khulnasoft.com/cmd/helper/json/get.go:41.2,41.38 1 0
dev.khulnasoft.com/cmd/helper/json/get.go:41.38,42.75 1 0
dev.khulnasoft.com/cmd/helper/json/get.go:42.75,44.4 1 0
dev.khulnasoft.com/cmd/helper/json/get.go:46.3,46.26 1 0
dev.khulnasoft.com/cmd/helper/json/get.go:49.2,50.20 2 0
dev.khulnasoft.com/cmd/helper/json/get.go:50.20,53.17 3 0
dev.khulnasoft.com/cmd/helper/json/get.go:53.17,55.4 1 0
dev.khulnasoft.com/cmd/helper/json/get.go:56.8,59.17 3 0
dev.khulnasoft.com/cmd/helper/json/get.go:59.17,61.4 1 0
dev.khulnasoft.com/cmd/helper/json/get.go:64.2,66.16 3 0
dev.khulnasoft.com/cmd/helper/json/get.go:66.16,68.3 1 0
dev.khulnasoft.com/cmd/helper/json/get.go:70.2,71.16 2 0
dev.khulnasoft.com/cmd/helper/json/get.go:71.16,72.15 1 0
dev.khulnasoft.com/cmd/helper/json/get.go:72.15,74.4 1 0
dev.khulnasoft.com/cmd/helper/json/get.go:75.3,75.13 1 0
dev.khulnasoft.com/cmd/helper/json/get.go:78.2,78.25 1 0
dev.khulnasoft.com/cmd/helper/json/get.go:79.14,81.13 2 0
dev.khulnasoft.com/cmd/helper/json/get.go:82.30,84.13 2 0
dev.khulnasoft.com/cmd/helper/json/get.go:87.2,88.16 2 0
dev.khulnasoft.com/cmd/helper/json/get.go:88.16,90.3 1 0
dev.khulnasoft.com/cmd/helper/json/get.go:92.2,93.12 2 0
dev.khulnasoft.com/cmd/helper/json/json.go:9.58,18.2 3 0
dev.khulnasoft.com/cmd/helper/strings/strings.go:9.61,17.2 2 0
dev.khulnasoft.com/cmd/ide/ide.go:9.57,20.2 6 0
dev.khulnasoft.com/cmd/ide/list.go:26.58,34.53 2 0
dev.khulnasoft.com/cmd/ide/list.go:34.53,36.4 1 0
dev.khulnasoft.com/cmd/ide/list.go:39.2,40.16 2 0
dev.khulnasoft.com/cmd/ide/list.go:50.52,52.16 2 0
dev.khulnasoft.com/cmd/ide/list.go:52.16,54.3 1 0
dev.khulnasoft.com/cmd/ide/list.go:56.2,56.27 1 0
dev.khulnasoft.com/cmd/ide/list.go:56.27,58.46 2 0
dev.khulnasoft.com/cmd/ide/list.go:58.46,63.4 1 0
dev.khulnasoft.com/cmd/ide/list.go:64.3,64.54 1 0
dev.khulnasoft.com/cmd/ide/list.go:64.54,66.4 1 0
dev.khulnasoft.com/cmd/ide/list.go:68.3,71.19 1 0
dev.khulnasoft.com/cmd/ide/list.go:72.8,72.33 1 0
dev.khulnasoft.com/cmd/ide/list.go:72.33,74.46 2 0
dev.khulnasoft.com/cmd/ide/list.go:74.46,79.4 1 0
dev.khulnasoft.com/cmd/ide/list.go:81.3,82.17 2 0
dev.khulnasoft.com/cmd/ide/list.go:82.17,84.4 1 0
dev.khulnasoft.com/cmd/ide/list.go:85.3,85.25 1 0
dev.khulnasoft.com/cmd/ide/list.go:86.8,88.3 1 0
dev.khulnasoft.com/cmd/ide/list.go:90.2,90.12 1 0
dev.khulnasoft.com/cmd/ide/options.go:26.61,33.53 2 0
dev.khulnasoft.com/cmd/ide/options.go:33.53,34.22 1 0
dev.khulnasoft.com/cmd/ide/options.go:34.22,36.5 1 0
dev.khulnasoft.com/cmd/ide/options.go:38.4,38.49 1 0
dev.khulnasoft.com/cmd/ide/options.go:42.2,43.19 2 0
dev.khulnasoft.com/cmd/ide/options.go:53.67,55.16 2 0
dev.khulnasoft.com/cmd/ide/options.go:55.16,57.3 1 0
dev.khulnasoft.com/cmd/ide/options.go:59.2,61.16 3 0
dev.khulnasoft.com/cmd/ide/options.go:61.16,63.3 1 0
dev.khulnasoft.com/cmd/ide/options.go:65.2,65.27 1 0
dev.khulnasoft.com/cmd/ide/options.go:65.27,67.45 2 0
dev.khulnasoft.com/cmd/ide/options.go:67.45,75.4 2 0
dev.khulnasoft.com/cmd/ide/options.go:76.3,76.54 1 0
dev.khulnasoft.com/cmd/ide/options.go:76.54,78.4 1 0
dev.khulnasoft.com/cmd/ide/options.go:80.3,85.19 1 0
dev.khulnasoft.com/cmd/ide/options.go:86.8,86.33 1 0
dev.khulnasoft.com/cmd/ide/options.go:86.33,88.45 2 0
dev.khulnasoft.com/cmd/ide/options.go:88.45,93.4 1 0
dev.khulnasoft.com/cmd/ide/options.go:95.3,96.17 2 0
dev.khulnasoft.com/cmd/ide/options.go:96.17,98.4 1 0
dev.khulnasoft.com/cmd/ide/options.go:99.3,99.25 1 0
dev.khulnasoft.com/cmd/ide/options.go:100.8,102.3 1 0
dev.khulnasoft.com/cmd/ide/options.go:104.2,104.12 1 0
dev.khulnasoft.com/cmd/ide/set_options.go:23.64,30.53 2 0
dev.khulnasoft.com/cmd/ide/set_options.go:30.53,31.22 1 0
dev.khulnasoft.com/cmd/ide/set_options.go:31.22,33.5 1 0
dev.khulnasoft.com/cmd/ide/set_options.go:35.4,35.49 1 0
dev.khulnasoft.com/cmd/ide/set_options.go:39.2,40.22 2 0
dev.khulnasoft.com/cmd/ide/set_options.go:44.70,46.16 2 0
dev.khulnasoft.com/cmd/ide/set_options.go:46.16,48.3 1 0
dev.khulnasoft.com/cmd/ide/set_options.go:50.2,52.16 3 0
dev.khulnasoft.com/cmd/ide/set_options.go:52.16,54.3 1 0
dev.khulnasoft.com/cmd/ide/set_options.go:57.2,57.26 1 0
dev.khulnasoft.com/cmd/ide/set_options.go:57.26,59.17 2 0
dev.khulnasoft.com/cmd/ide/set_options.go:59.17,61.4 1 0
dev.khulnasoft.com/cmd/ide/set_options.go:64.2,65.16 2 0
dev.khulnasoft.com/cmd/ide/set_options.go:65.16,67.3 1 0
dev.khulnasoft.com/cmd/ide/set_options.go:69.2,69.12 1 0
dev.khulnasoft.com/cmd/ide/use.go:24.57,34.53 2 0
dev.khulnasoft.com/cmd/ide/use.go:34.53,35.22 1 0
dev.khulnasoft.com/cmd/ide/use.go:35.22,37.5 1 0
dev.khulnasoft.com/cmd/ide/use.go:39.4,39.49 1 0
dev.khulnasoft.com/cmd/ide/use.go:43.2,44.15 2 0
dev.khulnasoft.com/cmd/ide/use.go:48.63,50.16 2 0
dev.khulnasoft.com/cmd/ide/use.go:50.16,52.3 1 0
dev.khulnasoft.com/cmd/ide/use.go:54.2,56.16 3 0
dev.khulnasoft.com/cmd/ide/use.go:56.16,58.3 1 0
dev.khulnasoft.com/cmd/ide/use.go:61.2,61.26 1 0
dev.khulnasoft.com/cmd/ide/use.go:61.26,63.17 2 0
dev.khulnasoft.com/cmd/ide/use.go:63.17,65.4 1 0
dev.khulnasoft.com/cmd/ide/use.go:68.2,70.16 3 0
dev.khulnasoft.com/cmd/ide/use.go:70.16,72.3 1 0
dev.khulnasoft.com/cmd/ide/use.go:74.2,74.12 1 0
dev.khulnasoft.com/cmd/ide/use.go:77.108,79.16 2 0
dev.khulnasoft.com/cmd/ide/use.go:79.16,81.3 1 0
dev.khulnasoft.com/cmd/ide/use.go:83.2,83.42 1 0
dev.khulnasoft.com/cmd/ide/use.go:83.42,85.3 1 0
dev.khulnasoft.com/cmd/ide/use.go:87.2,88.47 2 0
dev.khulnasoft.com/cmd/ide/use.go:88.47,89.64 1 0
dev.khulnasoft.com/cmd/ide/use.go:89.64,91.4 1 0
dev.khulnasoft.com/cmd/ide/use.go:93.2,93.33 1 0
dev.khulnasoft.com/cmd/ide/use.go:93.33,95.3 1 0
dev.khulnasoft.com/cmd/ide/use.go:97.2,100.12 2 0
dev.khulnasoft.com/cmd/pro/flags/flags.go:17.55,23.2 3 0
dev.khulnasoft.com/cmd/pro/provider/create/create.go:9.60,20.2 3 0
dev.khulnasoft.com/cmd/pro/provider/create/workspace.go:31.69,41.60 2 0
dev.khulnasoft.com/cmd/pro/provider/create/workspace.go:41.60,43.4 1 0
dev.khulnasoft.com/cmd/pro/provider/create/workspace.go:46.2,46.10 1 0
dev.khulnasoft.com/cmd/pro/provider/create/workspace.go:49.110,51.16 2 0
dev.khulnasoft.com/cmd/pro/provider/create/workspace.go:51.16,53.3 1 0
dev.khulnasoft.com/cmd/pro/provider/create/workspace.go:56.2,57.23 2 0
dev.khulnasoft.com/cmd/pro/provider/create/workspace.go:57.23,60.17 3 0
dev.khulnasoft.com/cmd/pro/provider/create/workspace.go:60.17,62.4 1 0
dev.khulnasoft.com/cmd/pro/provider/create/workspace.go:64.3,65.17 2 0
dev.khulnasoft.com/cmd/pro/provider/create/workspace.go:65.17,67.4 1 0
dev.khulnasoft.com/cmd/pro/provider/create/workspace.go:69.3,70.17 2 0
dev.khulnasoft.com/cmd/pro/provider/create/workspace.go:70.17,72.4 1 0
dev.khulnasoft.com/cmd/pro/provider/create/workspace.go:74.3,75.13 2 0
dev.khulnasoft.com/cmd/pro/provider/create/workspace.go:79.2,85.70 7 0
dev.khulnasoft.com/cmd/pro/provider/create/workspace.go:85.70,87.3 1 0
dev.khulnasoft.com/cmd/pro/provider/create/workspace.go:88.2,89.16 2 0
dev.khulnasoft.com/cmd/pro/provider/create/workspace.go:89.16,91.3 1 0
dev.khulnasoft.com/cmd/pro/provider/create/workspace.go:93.2,93.21 1 0
dev.khulnasoft.com/cmd/pro/provider/create/workspace.go:93.21,95.3 1 0
dev.khulnasoft.com/cmd/pro/provider/create/workspace.go:96.2,96.28 1 0
dev.khulnasoft.com/cmd/pro/provider/create/workspace.go:96.28,98.3 1 0
dev.khulnasoft.com/cmd/pro/provider/create/workspace.go:100.2,101.16 2 0
dev.khulnasoft.com/cmd/pro/provider/create/workspace.go:101.16,103.3 1 0
dev.khulnasoft.com/cmd/pro/provider/create/workspace.go:105.2,106.16 2 0
dev.khulnasoft.com/cmd/pro/provider/create/workspace.go:106.16,108.3 1 0
dev.khulnasoft.com/cmd/pro/provider/create/workspace.go:112.2,113.16 2 0
dev.khulnasoft.com/cmd/pro/provider/create/workspace.go:113.16,115.3 1 0
dev.khulnasoft.com/cmd/pro/provider/create/workspace.go:116.2,123.16 3 0
dev.khulnasoft.com/cmd/pro/provider/create/workspace.go:123.16,125.3 1 0
dev.khulnasoft.com/cmd/pro/provider/create/workspace.go:127.2,127.12 1 0
dev.khulnasoft.com/cmd/pro/provider/create/workspace.go:130.179,132.16 2 0
dev.khulnasoft.com/cmd/pro/provider/create/workspace.go:132.16,134.3 1 0
dev.khulnasoft.com/cmd/pro/provider/create/workspace.go:136.2,139.16 2 0
dev.khulnasoft.com/cmd/pro/provider/create/workspace.go:139.16,141.3 1 0
dev.khulnasoft.com/cmd/pro/provider/create/workspace.go:143.2,143.68 1 0
dev.khulnasoft.com/cmd/pro/provider/get/get.go:9.60,22.2 5 0
dev.khulnasoft.com/cmd/pro/provider/get/self.go:24.64,33.60 2 0
dev.khulnasoft.com/cmd/pro/provider/get/self.go:33.60,35.4 1 0
dev.khulnasoft.com/cmd/pro/provider/get/self.go:38.2,38.10 1 0
dev.khulnasoft.com/cmd/pro/provider/get/self.go:41.105,43.16 2 0
dev.khulnasoft.com/cmd/pro/provider/get/self.go:43.16,45.3 1 0
dev.khulnasoft.com/cmd/pro/provider/get/self.go:47.2,48.16 2 0
dev.khulnasoft.com/cmd/pro/provider/get/self.go:48.16,50.3 1 0
dev.khulnasoft.com/cmd/pro/provider/get/self.go:51.2,53.12 2 0
dev.khulnasoft.com/cmd/pro/provider/get/version.go:38.67,47.60 2 0
dev.khulnasoft.com/cmd/pro/provider/get/version.go:47.60,49.4 1 0
dev.khulnasoft.com/cmd/pro/provider/get/version.go:52.2,52.10 1 0
dev.khulnasoft.com/cmd/pro/provider/get/version.go:55.108,57.16 2 0
dev.khulnasoft.com/cmd/pro/provider/get/version.go:57.16,59.3 1 0
dev.khulnasoft.com/cmd/pro/provider/get/version.go:61.2,62.27 2 0
dev.khulnasoft.com/cmd/pro/provider/get/version.go:62.27,64.3 1 0
dev.khulnasoft.com/cmd/pro/provider/get/version.go:65.2,66.22 2 0
dev.khulnasoft.com/cmd/pro/provider/get/version.go:66.22,68.3 1 0
dev.khulnasoft.com/cmd/pro/provider/get/version.go:71.2,72.16 2 0
dev.khulnasoft.com/cmd/pro/provider/get/version.go:72.16,74.3 1 0
dev.khulnasoft.com/cmd/pro/provider/get/version.go:75.2,79.16 3 0
dev.khulnasoft.com/cmd/pro/provider/get/version.go:79.16,81.3 1 0
dev.khulnasoft.com/cmd/pro/provider/get/version.go:83.2,89.16 3 0
dev.khulnasoft.com/cmd/pro/provider/get/version.go:89.16,91.3 1 0
dev.khulnasoft.com/cmd/pro/provider/get/version.go:93.2,95.12 2 0
dev.khulnasoft.com/cmd/pro/provider/get/workspace.go:23.69,32.60 2 0
dev.khulnasoft.com/cmd/pro/provider/get/workspace.go:32.60,34.4 1 0
dev.khulnasoft.com/cmd/pro/provider/get/workspace.go:37.2,37.10 1 0
dev.khulnasoft.com/cmd/pro/provider/get/workspace.go:40.57,42.16 2 0
dev.khulnasoft.com/cmd/pro/provider/get/workspace.go:42.16,44.3 1 0
dev.khulnasoft.com/cmd/pro/provider/get/workspace.go:46.2,47.16 2 0
dev.khulnasoft.com/cmd/pro/provider/get/workspace.go:47.16,49.3 1 0
dev.khulnasoft.com/cmd/pro/provider/get/workspace.go:51.2,52.16 2 0
dev.khulnasoft.com/cmd/pro/provider/get/workspace.go:52.16,54.3 1 0
dev.khulnasoft.com/cmd/pro/provider/get/workspace.go:56.2,57.16 2 0
dev.khulnasoft.com/cmd/pro/provider/get/workspace.go:57.16,59.3 1 0
dev.khulnasoft.com/cmd/pro/provider/get/workspace.go:61.2,63.12 2 0
dev.khulnasoft.com/cmd/pro/provider/list/clusters.go:26.68,35.60 2 0
dev.khulnasoft.com/cmd/pro/provider/list/clusters.go:35.60,37.4 1 0
dev.khulnasoft.com/cmd/pro/provider/list/clusters.go:40.2,40.10 1 0
dev.khulnasoft.com/cmd/pro/provider/list/clusters.go:43.56,45.23 2 0
dev.khulnasoft.com/cmd/pro/provider/list/clusters.go:45.23,47.3 1 0
dev.khulnasoft.com/cmd/pro/provider/list/clusters.go:49.2,50.16 2 0
dev.khulnasoft.com/cmd/pro/provider/list/clusters.go:50.16,52.3 1 0
dev.khulnasoft.com/cmd/pro/provider/list/clusters.go:54.2,55.16 2 0
dev.khulnasoft.com/cmd/pro/provider/list/clusters.go:55.16,57.3 1 0
dev.khulnasoft.com/cmd/pro/provider/list/clusters.go:59.2,60.16 2 0
dev.khulnasoft.com/cmd/pro/provider/list/clusters.go:60.16,62.3 1 0
dev.khulnasoft.com/cmd/pro/provider/list/clusters.go:63.2,65.12 2 0
[...]
dev.khulnasoft.com/pkg/compose/helper.go:143.2,143.12 1 0
dev.khulnasoft.com/pkg/compose/helper.go:146.90,148.16 2 0
dev.khulnasoft.com/pkg/compose/helper.go:148.16,150.3 1 0
dev.khulnasoft.com/pkg/compose/helper.go:152.2,153.16 2 0
dev.khulnasoft.com/pkg/compose/helper.go:153.16,155.3 1 0
dev.khulnasoft.com/pkg/compose/helper.go:157.2,157.44 1 0
dev.khulnasoft.com/pkg/compose/helper.go:157.44,159.3 1 0
dev.khulnasoft.com/pkg/compose/helper.go:161.2,161.60 1 0
dev.khulnasoft.com/pkg/compose/helper.go:164.101,169.16 4 0
dev.khulnasoft.com/pkg/compose/helper.go:169.16,171.3 1 0
dev.khulnasoft.com/pkg/compose/helper.go:173.2,179.64 3 0
dev.khulnasoft.com/pkg/compose/helper.go:179.64,181.3 1 0
dev.khulnasoft.com/pkg/compose/helper.go:184.2,184.30 1 0
dev.khulnasoft.com/pkg/compose/helper.go:184.30,186.3 1 0
dev.khulnasoft.com/pkg/compose/helper.go:189.2,190.26 2 0
dev.khulnasoft.com/pkg/compose/helper.go:193.64,195.89 1 0
dev.khulnasoft.com/pkg/compose/helper.go:195.89,197.3 1 0
dev.khulnasoft.com/pkg/compose/helper.go:198.2,198.34 1 0
dev.khulnasoft.com/pkg/compose/helper.go:201.66,203.30 2 0
dev.khulnasoft.com/pkg/compose/helper.go:203.30,205.3 1 0
dev.khulnasoft.com/pkg/compose/helper.go:207.2,207.93 1 0
dev.khulnasoft.com/pkg/compose/helper.go:210.81,215.2 4 0
dev.khulnasoft.com/pkg/compose/helper.go:217.59,219.16 2 0
dev.khulnasoft.com/pkg/compose/helper.go:219.16,221.3 1 0
dev.khulnasoft.com/pkg/compose/helper.go:223.2,224.16 2 0
dev.khulnasoft.com/pkg/compose/helper.go:224.16,226.3 1 0
dev.khulnasoft.com/pkg/compose/helper.go:228.2,228.44 1 0
dev.khulnasoft.com/pkg/compose/helper.go:228.44,230.3 1 0
dev.khulnasoft.com/pkg/compose/helper.go:232.2,232.18 1 0
dev.khulnasoft.com/pkg/compress/compress.go:11.41,12.13 1 0
dev.khulnasoft.com/pkg/compress/compress.go:12.13,14.3 1 0
dev.khulnasoft.com/pkg/compress/compress.go:16.2,20.16 4 0
dev.khulnasoft.com/pkg/compress/compress.go:20.16,22.3 1 0
dev.khulnasoft.com/pkg/compress/compress.go:24.2,25.16 2 0
dev.khulnasoft.com/pkg/compress/compress.go:25.16,27.3 1 0
dev.khulnasoft.com/pkg/compress/compress.go:29.2,30.16 2 0
dev.khulnasoft.com/pkg/compress/compress.go:30.16,32.3 1 0
dev.khulnasoft.com/pkg/compress/compress.go:34.2,34.58 1 0
dev.khulnasoft.com/pkg/compress/compress.go:38.43,39.13 1 0
dev.khulnasoft.com/pkg/compress/compress.go:39.13,41.3 1 0
dev.khulnasoft.com/pkg/compress/compress.go:43.2,44.16 2 0
dev.khulnasoft.com/pkg/compress/compress.go:44.16,46.3 1 0
dev.khulnasoft.com/pkg/compress/compress.go:48.2,50.16 3 0
dev.khulnasoft.com/pkg/compress/compress.go:50.16,52.3 1 0
dev.khulnasoft.com/pkg/compress/compress.go:54.2,55.16 2 0
dev.khulnasoft.com/pkg/compress/compress.go:55.16,57.3 1 0
dev.khulnasoft.com/pkg/compress/compress.go:59.2,59.34 1 0
dev.khulnasoft.com/pkg/copy/copy.go:15.48,16.20 1 0
dev.khulnasoft.com/pkg/copy/copy.go:16.20,18.3 1 0
dev.khulnasoft.com/pkg/copy/copy.go:20.2,21.16 2 0
dev.khulnasoft.com/pkg/copy/copy.go:21.16,23.3 1 0
dev.khulnasoft.com/pkg/copy/copy.go:25.2,27.34 3 0
dev.khulnasoft.com/pkg/copy/copy.go:30.49,31.20 1 0
dev.khulnasoft.com/pkg/copy/copy.go:31.20,33.3 1 0
dev.khulnasoft.com/pkg/copy/copy.go:35.2,36.16 2 0
dev.khulnasoft.com/pkg/copy/copy.go:36.16,38.3 1 0
dev.khulnasoft.com/pkg/copy/copy.go:40.2,42.89 3 0
dev.khulnasoft.com/pkg/copy/copy.go:42.89,43.17 1 0
dev.khulnasoft.com/pkg/copy/copy.go:43.17,45.4 1 0
dev.khulnasoft.com/pkg/copy/copy.go:47.3,48.17 2 0
dev.khulnasoft.com/pkg/copy/copy.go:48.17,50.4 1 0
dev.khulnasoft.com/pkg/copy/copy.go:52.3,52.31 1 0
dev.khulnasoft.com/pkg/copy/copy.go:52.31,54.4 1 0
dev.khulnasoft.com/pkg/copy/copy.go:56.3,56.17 1 0
dev.khulnasoft.com/pkg/copy/copy.go:56.17,58.4 1 0
dev.khulnasoft.com/pkg/copy/copy.go:59.3,59.13 1 0
dev.khulnasoft.com/pkg/copy/copy.go:63.49,65.16 2 0
dev.khulnasoft.com/pkg/copy/copy.go:65.16,67.3 1 0
dev.khulnasoft.com/pkg/copy/copy.go:69.2,69.29 1 0
dev.khulnasoft.com/pkg/copy/copy.go:72.43,73.54 1 0
dev.khulnasoft.com/pkg/copy/copy.go:73.54,75.3 1 0
dev.khulnasoft.com/pkg/copy/copy.go:77.2,78.16 2 0
dev.khulnasoft.com/pkg/copy/copy.go:78.16,80.3 1 0
dev.khulnasoft.com/pkg/copy/copy.go:81.2,81.32 1 0
dev.khulnasoft.com/pkg/copy/copy.go:81.32,86.17 4 0
dev.khulnasoft.com/pkg/copy/copy.go:86.17,88.4 1 0
dev.khulnasoft.com/pkg/copy/copy.go:90.3,90.40 1 0
dev.khulnasoft.com/pkg/copy/copy.go:91.19,92.60 1 0
dev.khulnasoft.com/pkg/copy/copy.go:92.60,94.5 1 0
dev.khulnasoft.com/pkg/copy/copy.go:95.4,95.58 1 0
dev.khulnasoft.com/pkg/copy/copy.go:95.58,97.5 1 0
dev.khulnasoft.com/pkg/copy/copy.go:98.23,99.56 1 0
dev.khulnasoft.com/pkg/copy/copy.go:99.56,101.5 1 0
dev.khulnasoft.com/pkg/copy/copy.go:102.11,103.59 1 0
dev.khulnasoft.com/pkg/copy/copy.go:103.59,105.5 1 0
dev.khulnasoft.com/pkg/copy/copy.go:108.3,109.17 2 0
dev.khulnasoft.com/pkg/copy/copy.go:109.17,111.4 1 0
dev.khulnasoft.com/pkg/copy/copy.go:113.3,114.17 2 0
dev.khulnasoft.com/pkg/copy/copy.go:114.17,116.4 1 0
dev.khulnasoft.com/pkg/copy/copy.go:118.3,119.17 2 0
dev.khulnasoft.com/pkg/copy/copy.go:119.17,120.59 1 0
dev.khulnasoft.com/pkg/copy/copy.go:120.59,122.5 1 0
dev.khulnasoft.com/pkg/copy/copy.go:125.2,125.12 1 0
dev.khulnasoft.com/pkg/copy/copy.go:128.60,130.16 2 0
dev.khulnasoft.com/pkg/copy/copy.go:130.16,132.3 1 0
dev.khulnasoft.com/pkg/copy/copy.go:133.2,136.16 3 0
dev.khulnasoft.com/pkg/copy/copy.go:136.16,138.3 1 0
dev.khulnasoft.com/pkg/copy/copy.go:139.2,142.16 3 0
dev.khulnasoft.com/pkg/copy/copy.go:142.16,144.3 1 0
dev.khulnasoft.com/pkg/copy/copy.go:146.2,146.12 1 0
dev.khulnasoft.com/pkg/copy/copy.go:149.35,150.53 1 0
dev.khulnasoft.com/pkg/copy/copy.go:150.53,152.3 1 0
dev.khulnasoft.com/pkg/copy/copy.go:154.2,154.13 1 0
dev.khulnasoft.com/pkg/copy/copy.go:157.60,158.17 1 0
dev.khulnasoft.com/pkg/copy/copy.go:158.17,160.3 1 0
dev.khulnasoft.com/pkg/copy/copy.go:162.2,162.47 1 0
dev.khulnasoft.com/pkg/copy/copy.go:162.47,164.3 1 0
dev.khulnasoft.com/pkg/copy/copy.go:166.2,166.12 1 0
dev.khulnasoft.com/pkg/copy/copy.go:169.41,171.16 2 0
dev.khulnasoft.com/pkg/copy/copy.go:171.16,173.3 1 0
dev.khulnasoft.com/pkg/copy/copy.go:174.2,174.31 1 0
dev.khulnasoft.com/pkg/copy/copy_supported.go:11.47,14.2 2 0
dev.khulnasoft.com/pkg/copy/copy_supported.go:16.66,18.9 2 0
dev.khulnasoft.com/pkg/copy/copy_supported.go:18.9,20.3 1 0
dev.khulnasoft.com/pkg/copy/copy_supported.go:21.2,21.74 1 0
dev.khulnasoft.com/pkg/copy/copy_supported.go:21.74,23.3 1 0
dev.khulnasoft.com/pkg/copy/copy_supported.go:24.2,24.12 1 0
dev.khulnasoft.com/pkg/daemon/agent/daemon.go:33.232,35.45 2 0
dev.khulnasoft.com/pkg/daemon/agent/daemon.go:35.45,38.3 2 0
dev.khulnasoft.com/pkg/daemon/agent/daemon.go:39.2,39.42 1 0
dev.khulnasoft.com/pkg/daemon/agent/daemon.go:39.42,41.3 1 0
dev.khulnasoft.com/pkg/daemon/agent/daemon.go:42.2,42.49 1 0
dev.khulnasoft.com/pkg/daemon/agent/daemon.go:42.49,44.3 1 0
dev.khulnasoft.com/pkg/daemon/agent/daemon.go:47.2,48.16 2 0
dev.khulnasoft.com/pkg/daemon/agent/daemon.go:48.16,50.3 1 0
dev.khulnasoft.com/pkg/daemon/agent/daemon.go:53.2,63.26 3 0
dev.khulnasoft.com/pkg/daemon/agent/daemon.go:66.230,68.16 2 0
dev.khulnasoft.com/pkg/daemon/agent/daemon.go:68.16,70.3 1 0
dev.khulnasoft.com/pkg/daemon/agent/daemon.go:72.2,73.16 2 0
dev.khulnasoft.com/pkg/daemon/agent/daemon.go:73.16,75.3 1 0
dev.khulnasoft.com/pkg/daemon/agent/daemon.go:76.2,77.21 2 0
dev.khulnasoft.com/pkg/daemon/agent/daemon.go:80.76,81.59 1 0
dev.khulnasoft.com/pkg/daemon/agent/daemon.go:81.59,83.3 1 0
dev.khulnasoft.com/pkg/daemon/agent/daemon.go:86.2,87.16 2 0
dev.khulnasoft.com/pkg/daemon/agent/daemon.go:87.16,89.3 1 0
dev.khulnasoft.com/pkg/daemon/agent/daemon.go:92.2,93.20 2 0
dev.khulnasoft.com/pkg/daemon/agent/daemon.go:93.20,95.3 1 0
dev.khulnasoft.com/pkg/daemon/agent/daemon.go:96.2,96.20 1 0
dev.khulnasoft.com/pkg/daemon/agent/daemon.go:96.20,98.3 1 0
dev.khulnasoft.com/pkg/daemon/agent/daemon.go:99.2,100.63 2 0
dev.khulnasoft.com/pkg/daemon/agent/daemon.go:100.63,102.3 1 0
dev.khulnasoft.com/pkg/daemon/agent/daemon.go:105.2,106.61 2 0
dev.khulnasoft.com/pkg/daemon/agent/daemon.go:106.61,109.63 2 0
dev.khulnasoft.com/pkg/daemon/agent/daemon.go:109.63,111.18 2 0
dev.khulnasoft.com/pkg/daemon/agent/daemon.go:111.18,113.5 1 0
dev.khulnasoft.com/pkg/daemon/agent/daemon.go:115.4,116.49 2 0
dev.khulnasoft.com/pkg/daemon/agent/daemon.go:118.3,118.17 1 0
dev.khulnasoft.com/pkg/daemon/agent/daemon.go:118.17,120.4 1 0
dev.khulnasoft.com/pkg/daemon/agent/daemon.go:121.8,121.23 1 0
dev.khulnasoft.com/pkg/daemon/agent/daemon.go:121.23,123.3 1 0
dev.khulnasoft.com/pkg/daemon/agent/daemon.go:125.2,125.12 1 0
dev.khulnasoft.com/pkg/daemon/agent/daemon.go:128.27,129.59 1 0
dev.khulnasoft.com/pkg/daemon/agent/daemon.go:129.59,131.3 1 0
dev.khulnasoft.com/pkg/daemon/agent/daemon.go:134.2,135.16 2 0
dev.khulnasoft.com/pkg/daemon/agent/daemon.go:135.16,137.3 1 0
dev.khulnasoft.com/pkg/daemon/agent/daemon.go:140.2,141.59 2 0
dev.khulnasoft.com/pkg/daemon/agent/daemon.go:141.59,143.3 1 0
dev.khulnasoft.com/pkg/daemon/agent/daemon.go:145.2,145.12 1 0
dev.khulnasoft.com/pkg/daemon/agent/reaper_stub.go:6.26,6.27 0 0
dev.khulnasoft.com/pkg/credentials/request.go:25.95,27.60 2 0
dev.khulnasoft.com/pkg/credentials/request.go:27.60,30.3 1 0
dev.khulnasoft.com/pkg/credentials/request.go:30.18,33.17 3 0
dev.khulnasoft.com/pkg/credentials/request.go:33.17,36.4 2 0
dev.khulnasoft.com/pkg/credentials/request.go:37.3,40.17 3 0
dev.khulnasoft.com/pkg/credentials/request.go:40.17,42.4 1 0
dev.khulnasoft.com/pkg/credentials/request.go:45.3,45.43 1 0
dev.khulnasoft.com/pkg/credentials/request.go:45.43,47.4 1 0
dev.khulnasoft.com/pkg/credentials/request.go:49.3,51.13 2 0
dev.khulnasoft.com/pkg/credentials/request.go:53.2,53.16 1 0
dev.khulnasoft.com/pkg/credentials/request.go:53.16,55.3 1 0
dev.khulnasoft.com/pkg/credentials/request.go:57.2,57.17 1 0
dev.khulnasoft.com/pkg/credentials/server.go:26.9,27.102 1 0
dev.khulnasoft.com/pkg/credentials/server.go:27.102,29.45 2 0
dev.khulnasoft.com/pkg/credentials/server.go:29.45,31.18 2 0
dev.khulnasoft.com/pkg/credentials/server.go:31.18,34.5 2 0
dev.khulnasoft.com/pkg/credentials/server.go:35.9,35.55 1 0
dev.khulnasoft.com/pkg/credentials/server.go:35.55,37.18 2 0
dev.khulnasoft.com/pkg/credentials/server.go:37.18,40.5 2 0
dev.khulnasoft.com/pkg/credentials/server.go:41.9,41.54 1 0
dev.khulnasoft.com/pkg/credentials/server.go:41.54,43.18 2 0
dev.khulnasoft.com/pkg/credentials/server.go:43.18,46.5 2 0
dev.khulnasoft.com/pkg/credentials/server.go:47.9,47.62 1 0
dev.khulnasoft.com/pkg/credentials/server.go:47.62,49.18 2 0
dev.khulnasoft.com/pkg/credentials/server.go:49.18,51.5 1 0
dev.khulnasoft.com/pkg/credentials/server.go:52.9,52.52 1 0
dev.khulnasoft.com/pkg/credentials/server.go:52.52,54.18 2 0
dev.khulnasoft.com/pkg/credentials/server.go:54.18,56.5 1 0
dev.khulnasoft.com/pkg/credentials/server.go:60.2,64.12 4 0
dev.khulnasoft.com/pkg/credentials/server.go:64.12,68.63 2 0
dev.khulnasoft.com/pkg/credentials/server.go:68.63,70.4 1 0
dev.khulnasoft.com/pkg/credentials/server.go:70.9,72.4 1 0
dev.khulnasoft.com/pkg/credentials/server.go:75.2,75.9 1 0
dev.khulnasoft.com/pkg/credentials/server.go:76.24,77.13 1 0
dev.khulnasoft.com/pkg/credentials/server.go:78.20,80.13 2 0
dev.khulnasoft.com/pkg/credentials/server.go:84.29,87.16 3 0
dev.khulnasoft.com/pkg/credentials/server.go:87.16,89.3 1 0
dev.khulnasoft.com/pkg/credentials/server.go:91.2,91.18 1 0
dev.khulnasoft.com/pkg/credentials/server.go:94.159,96.16 2 0
dev.khulnasoft.com/pkg/credentials/server.go:96.16,98.3 1 0
dev.khulnasoft.com/pkg/credentials/server.go:100.2,102.16 3 0
dev.khulnasoft.com/pkg/credentials/server.go:102.16,104.3 1 0
dev.khulnasoft.com/pkg/credentials/server.go:106.2,110.12 5 0
dev.khulnasoft.com/pkg/credentials/server.go:113.156,115.16 2 0
dev.khulnasoft.com/pkg/credentials/server.go:115.16,117.3 1 0
dev.khulnasoft.com/pkg/credentials/server.go:119.2,121.16 3 0
dev.khulnasoft.com/pkg/credentials/server.go:121.16,124.3 2 0
dev.khulnasoft.com/pkg/credentials/server.go:126.2,130.12 5 0
dev.khulnasoft.com/pkg/credentials/server.go:133.157,135.16 2 0
dev.khulnasoft.com/pkg/credentials/server.go:135.16,137.3 1 0
dev.khulnasoft.com/pkg/credentials/server.go:139.2,141.16 3 0
dev.khulnasoft.com/pkg/credentials/server.go:141.16,144.3 2 0
dev.khulnasoft.com/pkg/credentials/server.go:146.2,150.12 5 0
dev.khulnasoft.com/pkg/credentials/server.go:153.165,155.16 2 0
dev.khulnasoft.com/pkg/credentials/server.go:155.16,157.3 1 0
dev.khulnasoft.com/pkg/credentials/server.go:159.2,161.16 3 0
dev.khulnasoft.com/pkg/credentials/server.go:161.16,164.3 2 0
dev.khulnasoft.com/pkg/credentials/server.go:166.2,170.12 5 0
dev.khulnasoft.com/pkg/credentials/server.go:173.155,175.16 2 0
dev.khulnasoft.com/pkg/credentials/server.go:175.16,178.3 2 0
dev.khulnasoft.com/pkg/credentials/server.go:180.2,184.12 5 0
dev.khulnasoft.com/pkg/credentials/start.go:17.134,19.16 2 0
dev.khulnasoft.com/pkg/credentials/start.go:19.16,21.3 1 0
dev.khulnasoft.com/pkg/credentials/start.go:23.2,23.12 1 0
dev.khulnasoft.com/pkg/credentials/start.go:23.12,27.17 3 0
dev.khulnasoft.com/pkg/credentials/start.go:27.17,29.4 1 0
dev.khulnasoft.com/pkg/credentials/start.go:33.2,36.6 3 0
dev.khulnasoft.com/pkg/credentials/start.go:36.6,38.17 2 0
dev.khulnasoft.com/pkg/credentials/start.go:38.17,39.11 1 0
dev.khulnasoft.com/pkg/credentials/start.go:40.22,41.16 1 0
dev.khulnasoft.com/pkg/credentials/start.go:42.35,42.35 0 0
dev.khulnasoft.com/pkg/credentials/start.go:44.9,46.9 2 0
dev.khulnasoft.com/pkg/credentials/start.go:49.3,49.32 1 0
dev.khulnasoft.com/pkg/credentials/start.go:49.32,51.9 2 0
dev.khulnasoft.com/pkg/credentials/start.go:55.2,55.18 1 0
dev.khulnasoft.com/pkg/credentials/start.go:58.53,63.16 4 0
dev.khulnasoft.com/pkg/credentials/start.go:63.16,65.3 1 0
dev.khulnasoft.com/pkg/credentials/start.go:67.2,68.16 2 0
dev.khulnasoft.com/pkg/credentials/start.go:68.16,70.3 1 0
dev.khulnasoft.com/pkg/credentials/start.go:71.2,73.28 2 0
dev.khulnasoft.com/pkg/credentials/start.go:73.28,75.3 1 0
dev.khulnasoft.com/pkg/credentials/start.go:76.2,76.12 1 0
dev.khulnasoft.com/pkg/config/config.go:102.43,104.2 1 0
dev.khulnasoft.com/pkg/config/config.go:106.74,108.2 1 0
dev.khulnasoft.com/pkg/config/config.go:110.86,112.2 1 0
dev.khulnasoft.com/pkg/config/config.go:114.64,116.2 1 0
dev.khulnasoft.com/pkg/config/config.go:118.54,119.23 1 0
dev.khulnasoft.com/pkg/config/config.go:119.23,120.78 1 0
dev.khulnasoft.com/pkg/config/config.go:120.78,121.91 1 0
dev.khulnasoft.com/pkg/config/config.go:121.91,123.5 1 0
dev.khulnasoft.com/pkg/config/config.go:127.2,127.47 1 0
dev.khulnasoft.com/pkg/config/config.go:127.47,128.35 1 0
dev.khulnasoft.com/pkg/config/config.go:128.35,129.35 1 0
dev.khulnasoft.com/pkg/config/config.go:129.35,131.5 1 0
dev.khulnasoft.com/pkg/config/config.go:133.4,133.9 1 0
dev.khulnasoft.com/pkg/config/config.go:137.2,137.11 1 0
dev.khulnasoft.com/pkg/config/config.go:140.63,141.56 1 0
dev.khulnasoft.com/pkg/config/config.go:141.56,143.3 1 0
dev.khulnasoft.com/pkg/config/config.go:144.2,144.44 1 0
dev.khulnasoft.com/pkg/config/config.go:147.71,149.41 2 0
dev.khulnasoft.com/pkg/config/config.go:149.41,151.3 1 0
dev.khulnasoft.com/pkg/config/config.go:153.2,153.40 1 0
dev.khulnasoft.com/pkg/config/config.go:153.40,155.3 1 0
dev.khulnasoft.com/pkg/config/config.go:156.2,156.19 1 0
dev.khulnasoft.com/pkg/config/config.go:159.81,161.56 2 0
dev.khulnasoft.com/pkg/config/config.go:161.56,163.3 1 0
dev.khulnasoft.com/pkg/config/config.go:165.2,165.50 1 0
dev.khulnasoft.com/pkg/config/config.go:165.50,167.3 1 0
dev.khulnasoft.com/pkg/config/config.go:168.2,168.19 1 0
dev.khulnasoft.com/pkg/config/config.go:171.93,173.56 2 0
dev.khulnasoft.com/pkg/config/config.go:173.56,175.3 1 0
dev.khulnasoft.com/pkg/config/config.go:177.2,177.57 1 0
dev.khulnasoft.com/pkg/config/config.go:177.57,179.3 1 0
dev.khulnasoft.com/pkg/config/config.go:180.2,180.19 1 0
dev.khulnasoft.com/pkg/config/config.go:187.42,191.16 4 0
dev.khulnasoft.com/pkg/config/config.go:191.16,192.59 1 0
dev.khulnasoft.com/pkg/config/config.go:194.2,194.41 1 0
dev.khulnasoft.com/pkg/config/config.go:194.41,195.27 1 0
dev.khulnasoft.com/pkg/config/config.go:195.27,197.4 1 0
dev.khulnasoft.com/pkg/config/config.go:198.3,198.22 1 0
dev.khulnasoft.com/pkg/config/config.go:198.22,200.4 1 0
dev.khulnasoft.com/pkg/config/config.go:201.3,201.67 1 0
dev.khulnasoft.com/pkg/config/config.go:203.2,205.12 3 0
dev.khulnasoft.com/pkg/config/config.go:208.83,210.16 2 0
dev.khulnasoft.com/pkg/config/config.go:210.16,212.3 1 0
dev.khulnasoft.com/pkg/config/config.go:214.2,215.16 2 0
dev.khulnasoft.com/pkg/config/config.go:215.16,216.26 1 0
dev.khulnasoft.com/pkg/config/config.go:216.26,218.4 1 0
dev.khulnasoft.com/pkg/config/config.go:220.3,221.20 2 0
dev.khulnasoft.com/pkg/config/config.go:221.20,223.4 1 0
dev.khulnasoft.com/pkg/config/config.go:225.3,236.9 1 0
dev.khulnasoft.com/pkg/config/config.go:239.2,241.16 3 0
dev.khulnasoft.com/pkg/config/config.go:241.16,243.3 1 0
dev.khulnasoft.com/pkg/config/config.go:244.2,244.27 1 0
dev.khulnasoft.com/pkg/config/config.go:244.27,247.3 2 0
dev.khulnasoft.com/pkg/config/config.go:247.8,247.40 1 0
dev.khulnasoft.com/pkg/config/config.go:247.40,249.3 1 0
dev.khulnasoft.com/pkg/config/config.go:250.2,250.28 1 0
dev.khulnasoft.com/pkg/config/config.go:250.28,252.3 1 0
dev.khulnasoft.com/pkg/config/config.go:253.2,253.51 1 0
dev.khulnasoft.com/pkg/config/config.go:253.51,255.3 1 0
dev.khulnasoft.com/pkg/config/config.go:256.2,256.59 1 0
dev.khulnasoft.com/pkg/config/config.go:256.59,258.3 1 0
dev.khulnasoft.com/pkg/config/config.go:259.2,259.61 1 0
dev.khulnasoft.com/pkg/config/config.go:259.61,261.3 1 0
dev.khulnasoft.com/pkg/config/config.go:262.2,262.56 1 0
dev.khulnasoft.com/pkg/config/config.go:262.56,264.3 1 0
dev.khulnasoft.com/pkg/config/config.go:265.2,265.28 1 0
dev.khulnasoft.com/pkg/config/config.go:265.28,268.3 2 0
dev.khulnasoft.com/pkg/config/config.go:270.2,272.20 2 0
dev.khulnasoft.com/pkg/config/config.go:275.39,277.16 2 0
dev.khulnasoft.com/pkg/config/config.go:277.16,279.3 1 0
dev.khulnasoft.com/pkg/config/config.go:281.2,282.34 2 0
dev.khulnasoft.com/pkg/config/config.go:282.34,284.3 1 0
dev.khulnasoft.com/pkg/config/config.go:285.2,285.67 1 0
dev.khulnasoft.com/pkg/config/config.go:285.67,287.3 1 0
dev.khulnasoft.com/pkg/config/config.go:289.2,290.16 2 0
dev.khulnasoft.com/pkg/config/config.go:290.16,292.3 1 0
dev.khulnasoft.com/pkg/config/config.go:294.2,295.16 2 0
dev.khulnasoft.com/pkg/config/config.go:295.16,297.3 1 0
dev.khulnasoft.com/pkg/config/config.go:299.2,300.16 2 0
dev.khulnasoft.com/pkg/config/config.go:300.16,302.3 1 0
dev.khulnasoft.com/pkg/config/config.go:304.2,304.12 1 0
dev.khulnasoft.com/pkg/config/config.go:307.61,309.16 2 0
dev.khulnasoft.com/pkg/config/config.go:309.16,311.3 1 0
dev.khulnasoft.com/pkg/config/config.go:312.2,312.45 1 0
dev.khulnasoft.com/pkg/config/context.go:110.74,112.28 2 1
dev.khulnasoft.com/pkg/config/context.go:112.28,114.18 2 1
dev.khulnasoft.com/pkg/config/context.go:114.18,115.12 1 0
dev.khulnasoft.com/pkg/config/context.go:117.3,117.23 1 1
dev.khulnasoft.com/pkg/config/context.go:120.2,120.35 1 1
dev.khulnasoft.com/pkg/config/context.go:120.35,123.10 2 1
dev.khulnasoft.com/pkg/config/context.go:123.10,124.12 1 1
dev.khulnasoft.com/pkg/config/context.go:127.3,127.49 1 1
dev.khulnasoft.com/pkg/config/context.go:127.49,128.12 1 0
dev.khulnasoft.com/pkg/config/context.go:130.3,134.4 1 1
dev.khulnasoft.com/pkg/config/dir.go:16.37,18.19 2 0
dev.khulnasoft.com/pkg/config/dir.go:18.19,20.3 1 0
dev.khulnasoft.com/pkg/config/dir.go:22.2,23.16 2 0
dev.khulnasoft.com/pkg/config/dir.go:23.16,25.3 1 0
dev.khulnasoft.com/pkg/config/dir.go:27.2,28.23 2 0
dev.khulnasoft.com/pkg/config/dir.go:31.38,33.24 2 0
dev.khulnasoft.com/pkg/config/dir.go:33.24,35.17 2 0
dev.khulnasoft.com/pkg/config/dir.go:35.17,37.4 1 0
dev.khulnasoft.com/pkg/config/dir.go:39.3,39.51 1 0
dev.khulnasoft.com/pkg/config/dir.go:42.2,42.26 1 0
